Log file open, 10/21/19 20:54:47
LogWindows: Failed to load 'aqProf.dll' (GetLastError=126)
LogWindows: File 'aqProf.dll' does not exist
LogWindows: Failed to load 'VtuneApi.dll' (GetLastError=126)
LogWindows: File 'VtuneApi.dll' does not exist
LogWindows: Failed to load 'VtuneApi32e.dll' (GetLastError=126)
LogWindows: File 'VtuneApi32e.dll' does not exist
LogConsoleResponse: Display: Failed to find resolution value strings in scalability ini. Falling back to default.
LogInit: Display: Running engine for game: GHG
LogPakFile: Registered encryption key '00000000000000000000000000000000': 0 pak files mounted, 0 remain pending
LogPlatformFile: Not using cached read wrapper
LogTaskGraph: Started task graph with 5 named threads and 35 total threads with 3 sets of task threads.
LogStats: Stats thread started at 0.393884
LogD3D11RHI: Loaded GFSDK_Aftermath_Lib.x64.dll
LogICUInternationalization: ICU TimeZone Detection - Raw Offset: -6:00, Platform Override: ''
LogPluginManager: Mounting plugin Paper2D
LogPluginManager: Mounting plugin AISupport
LogPluginManager: Mounting plugin LightPropagationVolume
LogPluginManager: Mounting plugin ActorLayerUtilities
LogPluginManager: Mounting plugin AnimationSharing
LogPluginManager: Mounting plugin CLionSourceCodeAccess
LogPluginManager: Mounting plugin CodeLiteSourceCodeAccess
LogPluginManager: Mounting plugin GitSourceControl
LogPluginManager: Mounting plugin KDevelopSourceCodeAccess
LogPluginManager: Mounting plugin NullSourceCodeAccess
LogPluginManager: Mounting plugin PerforceSourceControl
LogPluginManager: Mounting plugin SubversionSourceControl
LogPluginManager: Mounting plugin UObjectPlugin
LogPluginManager: Mounting plugin VisualStudioCodeSourceCodeAccess
LogPluginManager: Mounting plugin VisualStudioSourceCodeAccess
LogPluginManager: Mounting plugin XCodeSourceCodeAccess
LogPluginManager: Mounting plugin AssetManagerEditor
LogPluginManager: Mounting plugin CryptoKeys
LogPluginManager: Mounting plugin DataValidation
LogPluginManager: Mounting plugin FacialAnimation
LogPluginManager: Mounting plugin GameplayTagsEditor
LogPluginManager: Mounting plugin MacGraphicsSwitching
LogPluginManager: Mounting plugin MaterialAnalyzer
LogPluginManager: Mounting plugin MobileLauncherProfileWizard
LogPluginManager: Mounting plugin PluginBrowser
LogPluginManager: Mounting plugin SpeedTreeImporter
LogPluginManager: Mounting plugin DatasmithContent
LogPluginManager: Mounting plugin VariantManagerContent
LogPluginManager: Mounting plugin AlembicImporter
LogPluginManager: Mounting plugin AppleImageUtils
LogPluginManager: Mounting plugin AppleVision
LogPluginManager: Mounting plugin BackChannel
LogPluginManager: Mounting plugin CharacterAI
LogPluginManager: Mounting plugin GeometryCache
LogPluginManager: Mounting plugin HTML5Networking
LogPluginManager: Mounting plugin ProxyLODPlugin
LogPluginManager: Mounting plugin SkeletalReduction
LogPluginManager: Mounting plugin MagicLeap
LogPluginManager: Mounting plugin MagicLeapMedia
LogPluginManager: Mounting plugin AndroidMedia
LogPluginManager: Mounting plugin AvfMedia
LogPluginManager: Mounting plugin ImgMedia
LogPluginManager: Mounting plugin LinearTimecode
LogPluginManager: Mounting plugin MediaCompositing
LogPluginManager: Mounting plugin MediaPlayerEditor
LogPluginManager: Mounting plugin WebMMedia
LogPluginManager: Mounting plugin WmfMedia
LogPluginManager: Mounting plugin TcpMessaging
LogPluginManager: Mounting plugin UdpMessaging
LogPluginManager: Mounting plugin ActorSequence
LogPluginManager: Mounting plugin LevelSequenceEditor
LogPluginManager: Mounting plugin MatineeToLevelSequence
LogPluginManager: Mounting plugin NetcodeUnitTest
LogPluginManager: Mounting plugin NUTUnrealEngine4
LogPluginManager: Mounting plugin OnlineSubsystemGooglePlay
LogPluginManager: Mounting plugin OnlineSubsystemIOS
LogPluginManager: Mounting plugin OnlineSubsystem
LogPluginManager: Mounting plugin OnlineSubsystemNull
LogPluginManager: Mounting plugin OnlineSubsystemUtils
LogPluginManager: Mounting plugin LauncherChunkInstaller
LogPluginManager: Mounting plugin AndroidDeviceProfileSelector
LogPluginManager: Mounting plugin AndroidMoviePlayer
LogPluginManager: Mounting plugin AndroidPermission
LogPluginManager: Mounting plugin AppleMoviePlayer
LogPluginManager: Mounting plugin ArchVisCharacter
LogPluginManager: Mounting plugin AudioCapture
LogPluginManager: Mounting plugin CableComponent
LogPluginManager: Mounting plugin CustomMeshComponent
LogPluginManager: Mounting plugin EditableMesh
LogPluginManager: Mounting plugin ExampleDeviceProfileSelector
LogPluginManager: Mounting plugin Firebase
LogPluginManager: Mounting plugin GoogleCloudMessaging
LogPluginManager: Mounting plugin IOSDeviceProfileSelector
LogPluginManager: Mounting plugin LinuxDeviceProfileSelector
LogPluginManager: Mounting plugin LocationServicesBPLibrary
LogPluginManager: Mounting plugin MobilePatchingUtils
LogPluginManager: Mounting plugin OculusVR
LogPluginManager: Mounting plugin PhysXVehicles
LogPluginManager: Mounting plugin ProceduralMeshComponent
LogPluginManager: Mounting plugin RuntimePhysXCooking
LogPluginManager: Mounting plugin SignificanceManager
LogPluginManager: Mounting plugin SteamVR
LogPluginManager: Mounting plugin WebMMoviePlayer
LogPluginManager: Mounting plugin WindowsMoviePlayer
LogInit: Using libcurl 7.55.1-DEV
LogInit:  - built for x86_64-pc-win32
LogInit:  - supports SSL with OpenSSL/1.1.1
LogInit:  - supports HTTP deflate (compression) using libz 1.2.8
LogInit:  - other features:
LogInit:      CURL_VERSION_SSL
LogInit:      CURL_VERSION_LIBZ
LogInit:      CURL_VERSION_IPV6
LogInit:      CURL_VERSION_ASYNCHDNS
LogInit:      CURL_VERSION_LARGEFILE
LogInit:      CURL_VERSION_IDN
LogInit:  CurlRequestOptions (configurable via config and command line):
LogInit:  - bVerifyPeer = true  - Libcurl will verify peer certificate
LogInit:  - bUseHttpProxy = false  - Libcurl will NOT use HTTP proxy
LogInit:  - bDontReuseConnections = false  - Libcurl will reuse connections
LogInit:  - MaxHostConnections = 16  - Libcurl will limit the number of connections to a host
LogInit:  - LocalHostAddr = Default
LogInit:  - BufferSize = 65536
LogInit: WinSock: version 1.1 (2.2), MaxSocks=32767, MaxUdp=65467
LogInit: Build: ++UE4+Release-4.22-CL-7053642
LogInit: Engine Version: 4.22.3-7053642+++UE4+Release-4.22
LogInit: Compatible Engine Version: 4.22.0-5660361+++UE4+Release-4.22
LogInit: Net CL: 5660361
LogInit: OS: Windows 10 (Release 1903) (), CPU: Intel(R) Core(TM) i7-8700K CPU @ 3.70GHz, GPU: Intel(R) UHD Graphics 630
LogInit: Compiled (64-bit): Jun 18 2019 03:09:11
LogInit: Compiled with Visual C++: 19.16.27025.01
LogInit: Build Configuration: Development
LogInit: Branch Name: ++UE4+Release-4.22
LogInit: Command Line: 
LogInit: Base Directory: C:/Program Files/Epic Games/UE_4.22/Engine/Binaries/Win64/
LogInit: Installed Engine Build: 1
LogDevObjectVersion: Number of dev versions registered: 23
LogDevObjectVersion:   Dev-Blueprints (B0D832E4-1F89-4F0D-ACCF-7EB736FD4AA2): 10
LogDevObjectVersion:   Dev-Build (E1C64328-A22C-4D53-A36C-8E866417BD8C): 0
LogDevObjectVersion:   Dev-Core (375EC13C-06E4-48FB-B500-84F0262A717E): 3
LogDevObjectVersion:   Dev-Editor (E4B068ED-F494-42E9-A231-DA0B2E46BB41): 30
LogDevObjectVersion:   Dev-Framework (CFFC743F-43B0-4480-9391-14DF171D2073): 35
LogDevObjectVersion:   Dev-Mobile (B02B49B5-BB20-44E9-A304-32B752E40360): 2
LogDevObjectVersion:   Dev-Networking (A4E4105C-59A1-49B5-A7C5-40C4547EDFEE): 0
LogDevObjectVersion:   Dev-Online (39C831C9-5AE6-47DC-9A44-9C173E1C8E7C): 0
LogDevObjectVersion:   Dev-Physics (78F01B33-EBEA-4F98-B9B4-84EACCB95AA2): 0
LogDevObjectVersion:   Dev-Platform (6631380F-2D4D-43E0-8009-CF276956A95A): 0
LogDevObjectVersion:   Dev-Rendering (12F88B9F-8875-4AFC-A67C-D90C383ABD29): 28
LogDevObjectVersion:   Dev-Sequencer (7B5AE74C-D270-4C10-A958-57980B212A5A): 11
LogDevObjectVersion:   Dev-VR (D7296918-1DD6-4BDD-9DE2-64A83CC13884): 2
LogDevObjectVersion:   Dev-LoadTimes (C2A15278-BFE7-4AFE-6C17-90FF531DF755): 1
LogDevObjectVersion:   Private-Geometry (6EACA3D4-40EC-4CC1-B786-8BED09428FC5): 3
LogDevObjectVersion:   Dev-AnimPhys (29E575DD-E0A3-4627-9D10-D276232CDCEA): 17
LogDevObjectVersion:   Dev-Anim (AF43A65D-7FD3-4947-9873-3E8ED9C1BB05): 2
LogDevObjectVersion:   Dev-ReflectionCapture (6B266CEC-1EC7-4B8F-A30B-E4D90942FC07): 1
LogDevObjectVersion:   Dev-Automation (0DF73D61-A23F-47EA-B727-89E90C41499A): 1
LogDevObjectVersion:   FortniteMain (601D1886-AC64-4F84-AA16-D3DE0DEAC7D6): 25
LogDevObjectVersion:   Dev-Enterprise (9DFFBCD6-494F-0158-E221-12823C92A888): 6
LogDevObjectVersion:   Dev-Niagara (F2AED0AC-9AFE-416F-8664-AA7FFA26D6FC): 1
LogDevObjectVersion:   Dev-Destruction (174F1F0B-B4C6-45A5-B13F-2EE8D0FB917D): 2
LogInit: Presizing for max 16777216 objects, including 0 objects not considered by GC, pre-allocating 0 bytes for permanent pool.
LogInit: Object subsystem initialized
LogConfig: Setting CVar [[con.DebugEarlyDefault:1]]
LogConfig: Setting CVar [[r.setres:1280x720]]
[2019.10.22-01.54.47:651][  0]LogConfig: Setting CVar [[r.VSync:0]]
[2019.10.22-01.54.47:651][  0]LogConfig: Setting CVar [[r.RHICmdBypass:0]]
[2019.10.22-01.54.47:651][  0]LogConfig: Applying CVar settings from Section [/Script/Engine.RendererSettings] File [C:/Users/B0bTh3BuiIder/Documents/GitHub/ghg/GHG/Saved/Config/Windows/Engine.ini]
[2019.10.22-01.54.47:651][  0]LogConfig: Setting CVar [[r.GPUCrashDebugging:0]]
[2019.10.22-01.54.47:651][  0]LogConfig: Applying CVar settings from Section [/Script/Engine.RendererOverrideSettings] File [C:/Users/B0bTh3BuiIder/Documents/GitHub/ghg/GHG/Saved/Config/Windows/Engine.ini]
[2019.10.22-01.54.47:651][  0]LogConfig: Applying CVar settings from Section [/Script/Engine.StreamingSettings] File [C:/Users/B0bTh3BuiIder/Documents/GitHub/ghg/GHG/Saved/Config/Windows/Engine.ini]
[2019.10.22-01.54.47:651][  0]LogConfig: Setting CVar [[s.MinBulkDataSizeForAsyncLoading:131072]]
[2019.10.22-01.54.47:651][  0]LogConfig: Setting CVar [[s.AsyncLoadingThreadEnabled:0]]
[2019.10.22-01.54.47:651][  0]LogConfig: Setting CVar [[s.EventDrivenLoaderEnabled:1]]
[2019.10.22-01.54.47:651][  0]LogConfig: Setting CVar [[s.WarnIfTimeLimitExceeded:0]]
[2019.10.22-01.54.47:651][  0]LogConfig: Setting CVar [[s.TimeLimitExceededMultiplier:1.5]]
[2019.10.22-01.54.47:651][  0]LogConfig: Setting CVar [[s.TimeLimitExceededMinTime:0.005]]
[2019.10.22-01.54.47:651][  0]LogConfig: Setting CVar [[s.UseBackgroundLevelStreaming:1]]
[2019.10.22-01.54.47:651][  0]LogConfig: Setting CVar [[s.PriorityAsyncLoadingExtraTime:15.0]]
[2019.10.22-01.54.47:651][  0]LogConfig: Setting CVar [[s.LevelStreamingActorsUpdateTimeLimit:5.0]]
[2019.10.22-01.54.47:651][  0]LogConfig: Setting CVar [[s.PriorityLevelStreamingActorsUpdateExtraTime:5.0]]
[2019.10.22-01.54.47:651][  0]LogConfig: Setting CVar [[s.LevelStreamingComponentsRegistrationGranularity:10]]
[2019.10.22-01.54.47:651][  0]LogConfig: Setting CVar [[s.UnregisterComponentsTimeLimit:1.0]]
[2019.10.22-01.54.47:651][  0]LogConfig: Setting CVar [[s.LevelStreamingComponentsUnregistrationGranularity:5]]
[2019.10.22-01.54.47:651][  0]LogConfig: Applying CVar settings from Section [/Script/Engine.GarbageCollectionSettings] File [C:/Users/B0bTh3BuiIder/Documents/GitHub/ghg/GHG/Saved/Config/Windows/Engine.ini]
[2019.10.22-01.54.47:651][  0]LogConfig: Setting CVar [[gc.MaxObjectsNotConsideredByGC:1]]
[2019.10.22-01.54.47:651][  0]LogConfig: Setting CVar [[gc.SizeOfPermanentObjectPool:0]]
[2019.10.22-01.54.47:651][  0]LogConfig: Setting CVar [[gc.FlushStreamingOnGC:0]]
[2019.10.22-01.54.47:652][  0]LogConfig: Setting CVar [[gc.NumRetriesBeforeForcingGC:10]]
[2019.10.22-01.54.47:652][  0]LogConfig: Setting CVar [[gc.AllowParallelGC:1]]
[2019.10.22-01.54.47:652][  0]LogConfig: Setting CVar [[gc.TimeBetweenPurgingPendingKillObjects:61.1]]
[2019.10.22-01.54.47:652][  0]LogConfig: Setting CVar [[gc.MaxObjectsInEditor:16777216]]
[2019.10.22-01.54.47:652][  0]LogConfig: Setting CVar [[gc.IncrementalBeginDestroyEnabled:1]]
[2019.10.22-01.54.47:652][  0]LogConfig: Setting CVar [[gc.CreateGCClusters:1]]
[2019.10.22-01.54.47:652][  0]LogConfig: Setting CVar [[gc.MinGCClusterSize:5]]
[2019.10.22-01.54.47:652][  0]LogConfig: Setting CVar [[gc.ActorClusteringEnabled:0]]
[2019.10.22-01.54.47:652][  0]LogConfig: Setting CVar [[gc.BlueprintClusteringEnabled:0]]
[2019.10.22-01.54.47:652][  0]LogConfig: Setting CVar [[gc.UseDisregardForGCOnDedicatedServers:0]]
[2019.10.22-01.54.47:652][  0]LogConfig: Applying CVar settings from Section [/Script/Engine.NetworkSettings] File [C:/Users/B0bTh3BuiIder/Documents/GitHub/ghg/GHG/Saved/Config/Windows/Engine.ini]
[2019.10.22-01.54.47:652][  0]LogConfig: Applying CVar settings from Section [/Script/UnrealEd.CookerSettings] File [C:/Users/B0bTh3BuiIder/Documents/GitHub/ghg/GHG/Saved/Config/Windows/Engine.ini]
[2019.10.22-01.54.47:655][  0]LogConfig: Applying CVar settings from Section [ViewDistanceQuality@3] File [C:/Users/B0bTh3BuiIder/Documents/GitHub/ghg/GHG/Saved/Config/Windows/Scalability.ini]
[2019.10.22-01.54.47:655][  0]LogConfig: Setting CVar [[r.SkeletalMeshLODBias:0]]
[2019.10.22-01.54.47:655][  0]LogConfig: Setting CVar [[r.ViewDistanceScale:1.0]]
[2019.10.22-01.54.47:655][  0]LogConfig: Applying CVar settings from Section [AntiAliasingQuality@3] File [C:/Users/B0bTh3BuiIder/Documents/GitHub/ghg/GHG/Saved/Config/Windows/Scalability.ini]
[2019.10.22-01.54.47:655][  0]LogConfig: Setting CVar [[r.PostProcessAAQuality:4]]
[2019.10.22-01.54.47:655][  0]LogConfig: Applying CVar settings from Section [ShadowQuality@3] File [C:/Users/B0bTh3BuiIder/Documents/GitHub/ghg/GHG/Saved/Config/Windows/Scalability.ini]
[2019.10.22-01.54.47:655][  0]LogConfig: Setting CVar [[r.LightFunctionQuality:1]]
[2019.10.22-01.54.47:656][  0]LogConfig: Setting CVar [[r.ShadowQuality:5]]
[2019.10.22-01.54.47:656][  0]LogConfig: Setting CVar [[r.Shadow.CSM.MaxCascades:10]]
[2019.10.22-01.54.47:656][  0]LogConfig: Setting CVar [[r.Shadow.MaxResolution:2048]]
[2019.10.22-01.54.47:656][  0]LogConfig: Setting CVar [[r.Shadow.MaxCSMResolution:2048]]
[2019.10.22-01.54.47:656][  0]LogConfig: Setting CVar [[r.Shadow.RadiusThreshold:0.01]]
[2019.10.22-01.54.47:656][  0]LogConfig: Setting CVar [[r.Shadow.DistanceScale:1.0]]
[2019.10.22-01.54.47:656][  0]LogConfig: Setting CVar [[r.Shadow.CSM.TransitionScale:1.0]]
[2019.10.22-01.54.47:656][  0]LogConfig: Setting CVar [[r.Shadow.PreShadowResolutionFactor:1.0]]
[2019.10.22-01.54.47:656][  0]LogConfig: Setting CVar [[r.DistanceFieldShadowing:1]]
[2019.10.22-01.54.47:656][  0]LogConfig: Setting CVar [[r.DistanceFieldAO:1]]
[2019.10.22-01.54.47:656][  0]LogConfig: Setting CVar [[r.AOQuality:2]]
[2019.10.22-01.54.47:656][  0]LogConfig: Setting CVar [[r.VolumetricFog:1]]
[2019.10.22-01.54.47:656][  0]LogConfig: Setting CVar [[r.VolumetricFog.GridPixelSize:8]]
[2019.10.22-01.54.47:656][  0]LogConfig: Setting CVar [[r.VolumetricFog.GridSizeZ:128]]
[2019.10.22-01.54.47:656][  0]LogConfig: Setting CVar [[r.VolumetricFog.HistoryMissSupersampleCount:4]]
[2019.10.22-01.54.47:656][  0]LogConfig: Setting CVar [[r.LightMaxDrawDistanceScale:1]]
[2019.10.22-01.54.47:656][  0]LogConfig: Setting CVar [[r.CapsuleShadows:1]]
[2019.10.22-01.54.47:656][  0]LogConfig: Applying CVar settings from Section [PostProcessQuality@3] File [C:/Users/B0bTh3BuiIder/Documents/GitHub/ghg/GHG/Saved/Config/Windows/Scalability.ini]
[2019.10.22-01.54.47:656][  0]LogConfig: Setting CVar [[r.MotionBlurQuality:4]]
[2019.10.22-01.54.47:656][  0]LogConfig: Setting CVar [[r.AmbientOcclusionMipLevelFactor:0.4]]
[2019.10.22-01.54.47:656][  0]LogConfig: Setting CVar [[r.AmbientOcclusionMaxQuality:100]]
[2019.10.22-01.54.47:656][  0]LogConfig: Setting CVar [[r.AmbientOcclusionLevels:-1]]
[2019.10.22-01.54.47:656][  0]LogConfig: Setting CVar [[r.AmbientOcclusionRadiusScale:1.0]]
[2019.10.22-01.54.47:656][  0]LogConfig: Setting CVar [[r.DepthOfFieldQuality:2]]
[2019.10.22-01.54.47:656][  0]LogConfig: Setting CVar [[r.RenderTargetPoolMin:400]]
[2019.10.22-01.54.47:656][  0]LogConfig: Setting CVar [[r.LensFlareQuality:2]]
[2019.10.22-01.54.47:656][  0]LogConfig: Setting CVar [[r.SceneColorFringeQuality:1]]
[2019.10.22-01.54.47:656][  0]LogConfig: Setting CVar [[r.EyeAdaptationQuality:2]]
[2019.10.22-01.54.47:656][  0]LogConfig: Setting CVar [[r.BloomQuality:5]]
[2019.10.22-01.54.47:656][  0]LogConfig: Setting CVar [[r.FastBlurThreshold:100]]
[2019.10.22-01.54.47:656][  0]LogConfig: Setting CVar [[r.Upscale.Quality:3]]
[2019.10.22-01.54.47:656][  0]LogConfig: Setting CVar [[r.Tonemapper.GrainQuantization:1]]
[2019.10.22-01.54.47:656][  0]LogConfig: Setting CVar [[r.LightShaftQuality:1]]
[2019.10.22-01.54.47:656][  0]LogConfig: Setting CVar [[r.Filter.SizeScale:1]]
[2019.10.22-01.54.47:656][  0]LogConfig: Setting CVar [[r.Tonemapper.Quality:5]]
[2019.10.22-01.54.47:656][  0]LogConfig: Setting CVar [[r.DOF.Gather.AccumulatorQuality:1        ; higher gathering accumulator quality]]
[2019.10.22-01.54.47:656][  0]LogConfig: Setting CVar [[r.DOF.Gather.PostfilterMethod:1          ; Median3x3 postfilering method]]
[2019.10.22-01.54.47:656][  0]LogConfig: Setting CVar [[r.DOF.Gather.EnableBokehSettings:0       ; no bokeh simulation when gathering]]
[2019.10.22-01.54.47:656][  0]LogConfig: Setting CVar [[r.DOF.Gather.RingCount:4                 ; medium number of samples when gathering]]
[2019.10.22-01.54.47:656][  0]LogConfig: Setting CVar [[r.DOF.Scatter.ForegroundCompositing:1    ; additive foreground scattering]]
[2019.10.22-01.54.47:656][  0]LogConfig: Setting CVar [[r.DOF.Scatter.BackgroundCompositing:2    ; additive background scattering]]
[2019.10.22-01.54.47:656][  0]LogConfig: Setting CVar [[r.DOF.Scatter.EnableBokehSettings:1      ; bokeh simulation when scattering]]
[2019.10.22-01.54.47:656][  0]LogConfig: Setting CVar [[r.DOF.Scatter.MaxSpriteRatio:0.1         ; only a maximum of 10% of scattered bokeh]]
[2019.10.22-01.54.47:656][  0]LogConfig: Setting CVar [[r.DOF.Recombine.Quality:1                ; cheap slight out of focus]]
[2019.10.22-01.54.47:656][  0]LogConfig: Setting CVar [[r.DOF.Recombine.EnableBokehSettings:0    ; no bokeh simulation on slight out of focus]]
[2019.10.22-01.54.47:656][  0]LogConfig: Setting CVar [[r.DOF.TemporalAAQuality:1                ; more stable temporal accumulation]]
[2019.10.22-01.54.47:656][  0]LogConfig: Setting CVar [[r.DOF.Kernel.MaxForegroundRadius:0.025]]
[2019.10.22-01.54.47:656][  0]LogConfig: Setting CVar [[r.DOF.Kernel.MaxBackgroundRadius:0.025]]
[2019.10.22-01.54.47:656][  0]LogConfig: Applying CVar settings from Section [TextureQuality@3] File [C:/Users/B0bTh3BuiIder/Documents/GitHub/ghg/GHG/Saved/Config/Windows/Scalability.ini]
[2019.10.22-01.54.47:656][  0]LogConfig: Setting CVar [[r.Streaming.MipBias:0]]
[2019.10.22-01.54.47:656][  0]LogConfig: Setting CVar [[r.Streaming.AmortizeCPUToGPUCopy:0]]
[2019.10.22-01.54.47:656][  0]LogConfig: Setting CVar [[r.Streaming.MaxNumTexturesToStreamPerFrame:0]]
[2019.10.22-01.54.47:656][  0]LogConfig: Setting CVar [[r.Streaming.Boost:1]]
[2019.10.22-01.54.47:656][  0]LogConfig: Setting CVar [[r.MaxAnisotropy:8]]
[2019.10.22-01.54.47:656][  0]LogConfig: Setting CVar [[r.Streaming.LimitPoolSizeToVRAM:0]]
[2019.10.22-01.54.47:656][  0]LogConfig: Setting CVar [[r.Streaming.PoolSize:1000]]
[2019.10.22-01.54.47:656][  0]LogConfig: Setting CVar [[r.Streaming.MaxEffectiveScreenSize:0]]
[2019.10.22-01.54.47:656][  0]LogConfig: Applying CVar settings from Section [EffectsQuality@3] File [C:/Users/B0bTh3BuiIder/Documents/GitHub/ghg/GHG/Saved/Config/Windows/Scalability.ini]
[2019.10.22-01.54.47:656][  0]LogConfig: Setting CVar [[r.TranslucencyLightingVolumeDim:64]]
[2019.10.22-01.54.47:656][  0]LogConfig: Setting CVar [[r.RefractionQuality:2]]
[2019.10.22-01.54.47:656][  0]LogConfig: Setting CVar [[r.SSR.Quality:3]]
[2019.10.22-01.54.47:656][  0]LogConfig: Setting CVar [[r.SceneColorFormat:4]]
[2019.10.22-01.54.47:656][  0]LogConfig: Setting CVar [[r.DetailMode:2]]
[2019.10.22-01.54.47:656][  0]LogConfig: Setting CVar [[r.TranslucencyVolumeBlur:1]]
[2019.10.22-01.54.47:656][  0]LogConfig: Setting CVar [[r.MaterialQualityLevel:1 ; High quality]]
[2019.10.22-01.54.47:656][  0]LogConfig: Setting CVar [[r.SSS.Scale:1]]
[2019.10.22-01.54.47:656][  0]LogConfig: Setting CVar [[r.SSS.SampleSet:2]]
[2019.10.22-01.54.47:656][  0]LogConfig: Setting CVar [[r.SSS.Quality:1]]
[2019.10.22-01.54.47:656][  0]LogConfig: Setting CVar [[r.SSS.HalfRes:1]]
[2019.10.22-01.54.47:656][  0]LogConfig: Setting CVar [[r.EmitterSpawnRateScale:1.0]]
[2019.10.22-01.54.47:656][  0]LogConfig: Setting CVar [[r.ParticleLightQuality:2]]
[2019.10.22-01.54.47:656][  0]LogConfig: Applying CVar settings from Section [FoliageQuality@3] File [C:/Users/B0bTh3BuiIder/Documents/GitHub/ghg/GHG/Saved/Config/Windows/Scalability.ini]
[2019.10.22-01.54.47:656][  0]LogConfig: Setting CVar [[foliage.DensityScale:1.0]]
[2019.10.22-01.54.47:656][  0]LogConfig: Setting CVar [[grass.DensityScale:1.0]]
[2019.10.22-01.54.47:656][  0]LogInit: Selected Device Profile: [Windows]
[2019.10.22-01.54.47:656][  0]LogInit: Applying CVar settings loaded from the selected device profile: [Windows]
[2019.10.22-01.54.47:667][  0]LogHAL: Display: Platform has ~ 16 GB [17025093632 / 17179869184 / 16], which maps to Larger [LargestMinGB=32, LargerMinGB=12, DefaultMinGB=8, SmallerMinGB=6, SmallestMinGB=0)
[2019.10.22-01.54.47:668][  0]LogConfig: Setting CVar [[r.Vulkan.UseRealUBs:0		; Required until we fix HLR fall-out]]
[2019.10.22-01.54.47:668][  0]LogInit: Going up to parent DeviceProfile []
[2019.10.22-01.54.47:668][  0]LogConfig: Applying CVar settings from Section [ViewDistanceQuality@3] File [C:/Users/B0bTh3BuiIder/Documents/GitHub/ghg/GHG/Saved/Config/Windows/Scalability.ini]
[2019.10.22-01.54.47:668][  0]LogConfig: Setting CVar [[r.SkeletalMeshLODBias:0]]
[2019.10.22-01.54.47:668][  0]LogConfig: Setting CVar [[r.ViewDistanceScale:1.0]]
[2019.10.22-01.54.47:668][  0]LogConfig: Applying CVar settings from Section [AntiAliasingQuality@3] File [C:/Users/B0bTh3BuiIder/Documents/GitHub/ghg/GHG/Saved/Config/Windows/Scalability.ini]
[2019.10.22-01.54.47:668][  0]LogConfig: Setting CVar [[r.PostProcessAAQuality:4]]
[2019.10.22-01.54.47:668][  0]LogConfig: Applying CVar settings from Section [ShadowQuality@3] File [C:/Users/B0bTh3BuiIder/Documents/GitHub/ghg/GHG/Saved/Config/Windows/Scalability.ini]
[2019.10.22-01.54.47:668][  0]LogConfig: Setting CVar [[r.LightFunctionQuality:1]]
[2019.10.22-01.54.47:668][  0]LogConfig: Setting CVar [[r.ShadowQuality:5]]
[2019.10.22-01.54.47:668][  0]LogConfig: Setting CVar [[r.Shadow.CSM.MaxCascades:10]]
[2019.10.22-01.54.47:668][  0]LogConfig: Setting CVar [[r.Shadow.MaxResolution:2048]]
[2019.10.22-01.54.47:668][  0]LogConfig: Setting CVar [[r.Shadow.MaxCSMResolution:2048]]
[2019.10.22-01.54.47:668][  0]LogConfig: Setting CVar [[r.Shadow.RadiusThreshold:0.01]]
[2019.10.22-01.54.47:668][  0]LogConfig: Setting CVar [[r.Shadow.DistanceScale:1.0]]
[2019.10.22-01.54.47:668][  0]LogConfig: Setting CVar [[r.Shadow.CSM.TransitionScale:1.0]]
[2019.10.22-01.54.47:668][  0]LogConfig: Setting CVar [[r.Shadow.PreShadowResolutionFactor:1.0]]
[2019.10.22-01.54.47:668][  0]LogConfig: Setting CVar [[r.DistanceFieldShadowing:1]]
[2019.10.22-01.54.47:668][  0]LogConfig: Setting CVar [[r.DistanceFieldAO:1]]
[2019.10.22-01.54.47:668][  0]LogConfig: Setting CVar [[r.AOQuality:2]]
[2019.10.22-01.54.47:668][  0]LogConfig: Setting CVar [[r.VolumetricFog:1]]
[2019.10.22-01.54.47:668][  0]LogConfig: Setting CVar [[r.VolumetricFog.GridPixelSize:8]]
[2019.10.22-01.54.47:668][  0]LogConfig: Setting CVar [[r.VolumetricFog.GridSizeZ:128]]
[2019.10.22-01.54.47:668][  0]LogConfig: Setting CVar [[r.VolumetricFog.HistoryMissSupersampleCount:4]]
[2019.10.22-01.54.47:668][  0]LogConfig: Setting CVar [[r.LightMaxDrawDistanceScale:1]]
[2019.10.22-01.54.47:668][  0]LogConfig: Setting CVar [[r.CapsuleShadows:1]]
[2019.10.22-01.54.47:668][  0]LogConfig: Applying CVar settings from Section [PostProcessQuality@3] File [C:/Users/B0bTh3BuiIder/Documents/GitHub/ghg/GHG/Saved/Config/Windows/Scalability.ini]
[2019.10.22-01.54.47:668][  0]LogConfig: Setting CVar [[r.MotionBlurQuality:4]]
[2019.10.22-01.54.47:668][  0]LogConfig: Setting CVar [[r.AmbientOcclusionMipLevelFactor:0.4]]
[2019.10.22-01.54.47:668][  0]LogConfig: Setting CVar [[r.AmbientOcclusionMaxQuality:100]]
[2019.10.22-01.54.47:668][  0]LogConfig: Setting CVar [[r.AmbientOcclusionLevels:-1]]
[2019.10.22-01.54.47:668][  0]LogConfig: Setting CVar [[r.AmbientOcclusionRadiusScale:1.0]]
[2019.10.22-01.54.47:668][  0]LogConfig: Setting CVar [[r.DepthOfFieldQuality:2]]
[2019.10.22-01.54.47:668][  0]LogConfig: Setting CVar [[r.RenderTargetPoolMin:400]]
[2019.10.22-01.54.47:668][  0]LogConfig: Setting CVar [[r.LensFlareQuality:2]]
[2019.10.22-01.54.47:668][  0]LogConfig: Setting CVar [[r.SceneColorFringeQuality:1]]
[2019.10.22-01.54.47:668][  0]LogConfig: Setting CVar [[r.EyeAdaptationQuality:2]]
[2019.10.22-01.54.47:668][  0]LogConfig: Setting CVar [[r.BloomQuality:5]]
[2019.10.22-01.54.47:668][  0]LogConfig: Setting CVar [[r.FastBlurThreshold:100]]
[2019.10.22-01.54.47:668][  0]LogConfig: Setting CVar [[r.Upscale.Quality:3]]
[2019.10.22-01.54.47:668][  0]LogConfig: Setting CVar [[r.Tonemapper.GrainQuantization:1]]
[2019.10.22-01.54.47:668][  0]LogConfig: Setting CVar [[r.LightShaftQuality:1]]
[2019.10.22-01.54.47:668][  0]LogConfig: Setting CVar [[r.Filter.SizeScale:1]]
[2019.10.22-01.54.47:668][  0]LogConfig: Setting CVar [[r.Tonemapper.Quality:5]]
[2019.10.22-01.54.47:668][  0]LogConfig: Setting CVar [[r.DOF.Gather.AccumulatorQuality:1        ; higher gathering accumulator quality]]
[2019.10.22-01.54.47:668][  0]LogConfig: Setting CVar [[r.DOF.Gather.PostfilterMethod:1          ; Median3x3 postfilering method]]
[2019.10.22-01.54.47:668][  0]LogConfig: Setting CVar [[r.DOF.Gather.EnableBokehSettings:0       ; no bokeh simulation when gathering]]
[2019.10.22-01.54.47:668][  0]LogConfig: Setting CVar [[r.DOF.Gather.RingCount:4                 ; medium number of samples when gathering]]
[2019.10.22-01.54.47:668][  0]LogConfig: Setting CVar [[r.DOF.Scatter.ForegroundCompositing:1    ; additive foreground scattering]]
[2019.10.22-01.54.47:668][  0]LogConfig: Setting CVar [[r.DOF.Scatter.BackgroundCompositing:2    ; additive background scattering]]
[2019.10.22-01.54.47:668][  0]LogConfig: Setting CVar [[r.DOF.Scatter.EnableBokehSettings:1      ; bokeh simulation when scattering]]
[2019.10.22-01.54.47:668][  0]LogConfig: Setting CVar [[r.DOF.Scatter.MaxSpriteRatio:0.1         ; only a maximum of 10% of scattered bokeh]]
[2019.10.22-01.54.47:668][  0]LogConfig: Setting CVar [[r.DOF.Recombine.Quality:1                ; cheap slight out of focus]]
[2019.10.22-01.54.47:668][  0]LogConfig: Setting CVar [[r.DOF.Recombine.EnableBokehSettings:0    ; no bokeh simulation on slight out of focus]]
[2019.10.22-01.54.47:668][  0]LogConfig: Setting CVar [[r.DOF.TemporalAAQuality:1                ; more stable temporal accumulation]]
[2019.10.22-01.54.47:668][  0]LogConfig: Setting CVar [[r.DOF.Kernel.MaxForegroundRadius:0.025]]
[2019.10.22-01.54.47:668][  0]LogConfig: Setting CVar [[r.DOF.Kernel.MaxBackgroundRadius:0.025]]
[2019.10.22-01.54.47:668][  0]LogConfig: Applying CVar settings from Section [TextureQuality@3] File [C:/Users/B0bTh3BuiIder/Documents/GitHub/ghg/GHG/Saved/Config/Windows/Scalability.ini]
[2019.10.22-01.54.47:668][  0]LogConfig: Setting CVar [[r.Streaming.MipBias:0]]
[2019.10.22-01.54.47:668][  0]LogConfig: Setting CVar [[r.Streaming.AmortizeCPUToGPUCopy:0]]
[2019.10.22-01.54.47:668][  0]LogConfig: Setting CVar [[r.Streaming.MaxNumTexturesToStreamPerFrame:0]]
[2019.10.22-01.54.47:668][  0]LogConfig: Setting CVar [[r.Streaming.Boost:1]]
[2019.10.22-01.54.47:668][  0]LogConfig: Setting CVar [[r.MaxAnisotropy:8]]
[2019.10.22-01.54.47:668][  0]LogConfig: Setting CVar [[r.Streaming.LimitPoolSizeToVRAM:0]]
[2019.10.22-01.54.47:668][  0]LogConfig: Setting CVar [[r.Streaming.PoolSize:1000]]
[2019.10.22-01.54.47:668][  0]LogConfig: Setting CVar [[r.Streaming.MaxEffectiveScreenSize:0]]
[2019.10.22-01.54.47:668][  0]LogConfig: Applying CVar settings from Section [EffectsQuality@3] File [C:/Users/B0bTh3BuiIder/Documents/GitHub/ghg/GHG/Saved/Config/Windows/Scalability.ini]
[2019.10.22-01.54.47:668][  0]LogConfig: Setting CVar [[r.TranslucencyLightingVolumeDim:64]]
[2019.10.22-01.54.47:668][  0]LogConfig: Setting CVar [[r.RefractionQuality:2]]
[2019.10.22-01.54.47:668][  0]LogConfig: Setting CVar [[r.SSR.Quality:3]]
[2019.10.22-01.54.47:668][  0]LogConfig: Setting CVar [[r.SceneColorFormat:4]]
[2019.10.22-01.54.47:668][  0]LogConfig: Setting CVar [[r.DetailMode:2]]
[2019.10.22-01.54.47:668][  0]LogConfig: Setting CVar [[r.TranslucencyVolumeBlur:1]]
[2019.10.22-01.54.47:668][  0]LogConfig: Setting CVar [[r.MaterialQualityLevel:1 ; High quality]]
[2019.10.22-01.54.47:668][  0]LogConfig: Setting CVar [[r.SSS.Scale:1]]
[2019.10.22-01.54.47:668][  0]LogConfig: Setting CVar [[r.SSS.SampleSet:2]]
[2019.10.22-01.54.47:668][  0]LogConfig: Setting CVar [[r.SSS.Quality:1]]
[2019.10.22-01.54.47:668][  0]LogConfig: Setting CVar [[r.SSS.HalfRes:1]]
[2019.10.22-01.54.47:668][  0]LogConfig: Setting CVar [[r.EmitterSpawnRateScale:1.0]]
[2019.10.22-01.54.47:668][  0]LogConfig: Setting CVar [[r.ParticleLightQuality:2]]
[2019.10.22-01.54.47:668][  0]LogConfig: Applying CVar settings from Section [FoliageQuality@3] File [C:/Users/B0bTh3BuiIder/Documents/GitHub/ghg/GHG/Saved/Config/Windows/Scalability.ini]
[2019.10.22-01.54.47:668][  0]LogConfig: Setting CVar [[foliage.DensityScale:1.0]]
[2019.10.22-01.54.47:668][  0]LogConfig: Setting CVar [[grass.DensityScale:1.0]]
[2019.10.22-01.54.47:668][  0]LogConfig: Applying CVar settings from Section [Startup] File [../../../Engine/Config/ConsoleVariables.ini]
[2019.10.22-01.54.47:669][  0]LogConfig: Setting CVar [[net.UseAdaptiveNetUpdateFrequency:0]]
[2019.10.22-01.54.47:669][  0]LogConfig: Setting CVar [[p.chaos.AllowCreatePhysxBodies:1]]
[2019.10.22-01.54.47:669][  0]LogConfig: Applying CVar settings from Section [ConsoleVariables] File [C:/Users/B0bTh3BuiIder/Documents/GitHub/ghg/GHG/Saved/Config/Windows/Engine.ini]
[2019.10.22-01.54.47:669][  0]LogInit: Computer: DESKTOP-ES7SAQS
[2019.10.22-01.54.47:669][  0]LogInit: User: B0bTh3BuiIder
[2019.10.22-01.54.47:669][  0]LogInit: CPU Page size=4096, Cores=6
[2019.10.22-01.54.47:669][  0]LogInit: High frequency timer resolution =10.000000 MHz
[2019.10.22-01.54.47:669][  0]LogMemory: Memory total: Physical=15.9GB (16GB approx)
[2019.10.22-01.54.47:669][  0]LogMemory: Platform Memory Stats for Windows
[2019.10.22-01.54.47:669][  0]LogMemory: Process Physical Memory: 96.79 MB used, 96.79 MB peak
[2019.10.22-01.54.47:669][  0]LogMemory: Process Virtual Memory: 91.46 MB used, 91.46 MB peak
[2019.10.22-01.54.47:669][  0]LogMemory: Physical Memory: 10400.27 MB used,  5836.13 MB free, 16236.39 MB total
[2019.10.22-01.54.47:669][  0]LogMemory: Virtual Memory: 4662.03 MB used,  134213064.00 MB free, 134217728.00 MB total
[2019.10.22-01.54.47:683][  0]LogInit: Using OS detected language (en-US).
[2019.10.22-01.54.47:683][  0]LogInit: Using OS detected locale (en-US).
[2019.10.22-01.54.47:683][  0]LogTextLocalizationManager: No specific localization for 'en-US' exists, so the 'en' localization will be used.
[2019.10.22-01.54.47:814][  0]LogInit: Setting process to per monitor DPI aware
[2019.10.22-01.54.47:843][  0]LogSlate: New Slate User Created.  User Index 0, Is Virtual User: 0
[2019.10.22-01.54.47:843][  0]LogSlate: Slate User Registered.  User Index 0, Is Virtual User: 0
[2019.10.22-01.54.47:983][  0]LogHMD: Failed to initialize OpenVR with code 110
[2019.10.22-01.54.47:983][  0]LogD3D11RHI: D3D11 adapters:
[2019.10.22-01.54.48:038][  0]LogD3D11RHI:    0. 'NVIDIA GeForce GTX 1080' (Feature Level 11_0)
[2019.10.22-01.54.48:038][  0]LogD3D11RHI:       8079/0/8118 MB DedicatedVideo/DedicatedSystem/SharedSystem, Outputs:1, VendorId:0x10de
[2019.10.22-01.54.48:049][  0]LogD3D11RHI:    1. 'Intel(R) UHD Graphics 630' (Feature Level 11_0)
[2019.10.22-01.54.48:049][  0]LogD3D11RHI:       128/0/8118 MB DedicatedVideo/DedicatedSystem/SharedSystem, Outputs:1, VendorId:0x8086
[2019.10.22-01.54.48:050][  0]LogD3D11RHI:    2. 'Microsoft Basic Render Driver' (Feature Level 11_0)
[2019.10.22-01.54.48:050][  0]LogD3D11RHI:       0/0/8118 MB DedicatedVideo/DedicatedSystem/SharedSystem, Outputs:0, VendorId:0x1414
[2019.10.22-01.54.48:050][  0]LogD3D11RHI: Chosen D3D11 Adapter: 0
[2019.10.22-01.54.48:059][  0]LogD3D11RHI: Creating new Direct3DDevice
[2019.10.22-01.54.48:059][  0]LogD3D11RHI:     GPU DeviceId: 0x1b80 (for the marketing name, search the web for "GPU Device Id")
[2019.10.22-01.54.48:059][  0]LogWindows: EnumDisplayDevices:
[2019.10.22-01.54.48:059][  0]LogWindows:    0. 'Intel(R) UHD Graphics 630' (P:0 D:1)
[2019.10.22-01.54.48:059][  0]LogWindows:    1. 'Intel(R) UHD Graphics 630' (P:0 D:0)
[2019.10.22-01.54.48:059][  0]LogWindows:    2. 'Intel(R) UHD Graphics 630' (P:0 D:0)
[2019.10.22-01.54.48:059][  0]LogWindows:    3. 'NVIDIA GeForce GTX 1080' (P:1 D:1)
[2019.10.22-01.54.48:060][  0]LogWindows:    4. 'NVIDIA GeForce GTX 1080' (P:0 D:0)
[2019.10.22-01.54.48:060][  0]LogWindows:    5. 'NVIDIA GeForce GTX 1080' (P:0 D:0)
[2019.10.22-01.54.48:060][  0]LogWindows:    6. 'NVIDIA GeForce GTX 1080' (P:0 D:0)
[2019.10.22-01.54.48:060][  0]LogWindows: DebugString: PrimaryIsNotTheChoosenAdapter PrimaryIsNotTheChoosenAdapter PrimaryIsNotTheChoosenAdapter FoundDriverCount:4 
[2019.10.22-01.54.48:060][  0]LogD3D11RHI:     Adapter Name: NVIDIA GeForce GTX 1080
[2019.10.22-01.54.48:060][  0]LogD3D11RHI:   Driver Version: 399.24 (internal:24.21.13.9924, unified:399.24)
[2019.10.22-01.54.48:060][  0]LogD3D11RHI:      Driver Date: 9-5-2018
[2019.10.22-01.54.48:060][  0]LogRHI: Texture pool is 5655 MB (70% of 8079 MB)
[2019.10.22-01.54.48:093][  0]LogD3D11RHI: Async texture creation enabled
[2019.10.22-01.54.48:097][  0]LogRendererCore: FGlobalReadBuffer::InitRHI
[2019.10.22-01.54.48:097][  0]LogRendererCore: FGlobalReadBuffer::InitRHI
[2019.10.22-01.54.48:097][  0]LogRendererCore: FGlobalReadBuffer::InitRHI
[2019.10.22-01.54.48:110][  0]LogD3D11RHI: GPU Timing Frequency: 1000.000000 (Debug: 2 2)
[2019.10.22-01.54.48:359][  0]LogTemp: Display: Module 'AllDesktopTargetPlatform' loaded TargetPlatform 'AllDesktop'
[2019.10.22-01.54.48:370][  0]LogTemp: Display: Module 'MacClientTargetPlatform' loaded TargetPlatform 'MacClient'
[2019.10.22-01.54.48:381][  0]LogTemp: Display: Module 'MacNoEditorTargetPlatform' loaded TargetPlatform 'MacNoEditor'
[2019.10.22-01.54.48:392][  0]LogTemp: Display: Module 'MacServerTargetPlatform' loaded TargetPlatform 'MacServer'
[2019.10.22-01.54.48:403][  0]LogTemp: Display: Module 'MacTargetPlatform' loaded TargetPlatform 'Mac'
[2019.10.22-01.54.48:414][  0]LogTemp: Display: Module 'WindowsClientTargetPlatform' loaded TargetPlatform 'WindowsClient'
[2019.10.22-01.54.48:426][  0]LogTemp: Display: Module 'WindowsNoEditorTargetPlatform' loaded TargetPlatform 'WindowsNoEditor'
[2019.10.22-01.54.48:437][  0]LogTemp: Display: Module 'WindowsServerTargetPlatform' loaded TargetPlatform 'WindowsServer'
[2019.10.22-01.54.48:442][  0]LogTemp: Display: Module 'WindowsTargetPlatform' loaded TargetPlatform 'Windows'
[2019.10.22-01.54.48:509][  0]LogTemp: Display: Module 'AndroidTargetPlatform' loaded TargetPlatform 'Android'
[2019.10.22-01.54.48:509][  0]LogTemp: Display: Module 'AndroidTargetPlatform' loaded TargetPlatform 'Android_ASTC'
[2019.10.22-01.54.48:509][  0]LogTemp: Display: Module 'AndroidTargetPlatform' loaded TargetPlatform 'Android_ATC'
[2019.10.22-01.54.48:509][  0]LogTemp: Display: Module 'AndroidTargetPlatform' loaded TargetPlatform 'Android_DXT'
[2019.10.22-01.54.48:509][  0]LogTemp: Display: Module 'AndroidTargetPlatform' loaded TargetPlatform 'Android_ETC1'
[2019.10.22-01.54.48:509][  0]LogTemp: Display: Module 'AndroidTargetPlatform' loaded TargetPlatform 'Android_ETC1a'
[2019.10.22-01.54.48:509][  0]LogTemp: Display: Module 'AndroidTargetPlatform' loaded TargetPlatform 'Android_ETC2'
[2019.10.22-01.54.48:509][  0]LogTemp: Display: Module 'AndroidTargetPlatform' loaded TargetPlatform 'Android_PVRTC'
[2019.10.22-01.54.48:509][  0]LogTemp: Display: Module 'AndroidTargetPlatform' loaded TargetPlatform 'AndroidClient'
[2019.10.22-01.54.48:509][  0]LogTemp: Display: Module 'AndroidTargetPlatform' loaded TargetPlatform 'Android_ASTCClient'
[2019.10.22-01.54.48:509][  0]LogTemp: Display: Module 'AndroidTargetPlatform' loaded TargetPlatform 'Android_ATCClient'
[2019.10.22-01.54.48:509][  0]LogTemp: Display: Module 'AndroidTargetPlatform' loaded TargetPlatform 'Android_DXTClient'
[2019.10.22-01.54.48:509][  0]LogTemp: Display: Module 'AndroidTargetPlatform' loaded TargetPlatform 'Android_ETC1Client'
[2019.10.22-01.54.48:509][  0]LogTemp: Display: Module 'AndroidTargetPlatform' loaded TargetPlatform 'Android_ETC1aClient'
[2019.10.22-01.54.48:509][  0]LogTemp: Display: Module 'AndroidTargetPlatform' loaded TargetPlatform 'Android_ETC2Client'
[2019.10.22-01.54.48:509][  0]LogTemp: Display: Module 'AndroidTargetPlatform' loaded TargetPlatform 'Android_PVRTCClient'
[2019.10.22-01.54.48:509][  0]LogTemp: Display: Module 'AndroidTargetPlatform' loaded TargetPlatform 'Android_Multi'
[2019.10.22-01.54.48:509][  0]LogTemp: Display: Module 'AndroidTargetPlatform' loaded TargetPlatform 'Android_MultiClient'
[2019.10.22-01.54.48:510][  0]LogTemp: Display: Module 'HTML5TargetPlatform' loaded TargetPlatform 'HTML5'
[2019.10.22-01.54.48:554][  0]LogTemp: Display: Module 'IOSTargetPlatform' loaded TargetPlatform 'IOSClient'
[2019.10.22-01.54.48:554][  0]LogTemp: Display: Module 'IOSTargetPlatform' loaded TargetPlatform 'IOS'
[2019.10.22-01.54.48:573][  0]LogTemp: Display: Module 'TVOSTargetPlatform' loaded TargetPlatform 'TVOSClient'
[2019.10.22-01.54.48:573][  0]LogTemp: Display: Module 'TVOSTargetPlatform' loaded TargetPlatform 'TVOS'
[2019.10.22-01.54.48:583][  0]LogTemp: Display: Module 'LinuxClientTargetPlatform' loaded TargetPlatform 'LinuxClient'
[2019.10.22-01.54.48:593][  0]LogTemp: Display: Module 'LinuxNoEditorTargetPlatform' loaded TargetPlatform 'LinuxNoEditor'
[2019.10.22-01.54.48:603][  0]LogTemp: Display: Module 'LinuxServerTargetPlatform' loaded TargetPlatform 'LinuxServer'
[2019.10.22-01.54.48:613][  0]LogTemp: Display: Module 'LinuxTargetPlatform' loaded TargetPlatform 'Linux'
[2019.10.22-01.54.48:648][  0]LogTemp: Display: Module 'LuminTargetPlatform' loaded TargetPlatform 'Lumin'
[2019.10.22-01.54.48:648][  0]LogTemp: Display: Module 'LuminTargetPlatform' loaded TargetPlatform 'LuminClient'
[2019.10.22-01.54.48:648][  0]LogTargetPlatformManager: Display: Building Assets For Windows
[2019.10.22-01.54.48:655][  0]LogAudioDebug: Display: Lib vorbis DLL was dynamically loaded.
[2019.10.22-01.54.48:694][  0]LogShaderCompilers: Guid format shader working directory is -9 characters bigger than the processId version (../../../../../../Users/B0bTh3BuiIder/Documents/GitHub/ghg/GHG/Intermediate/Shaders/WorkingDirectory/22388/).
[2019.10.22-01.54.48:694][  0]LogShaderCompilers: Cleaned the shader compiler working directory 'C:/Users/B0bTh3BuiIder/AppData/Local/Temp/UnrealShaderWorkingDir/37E279694800A11F274BECBBCCBA02CD/'.
[2019.10.22-01.54.48:696][  0]LogXGEController: Cleaning working directory: C:/Users/B0bTh3BuiIder/AppData/Local/Temp/UnrealXGEWorkingDir/
[2019.10.22-01.54.48:696][  0]LogXGEController: Cannot use XGE Controller as Incredibuild is not installed on this machine.
[2019.10.22-01.54.48:696][  0]LogShaderCompilers: Cannot use XGE Shader Compiler as Incredibuild is not installed on this machine.
[2019.10.22-01.54.48:696][  0]LogShaderCompilers: Display: Using Local Shader Compiler.
[2019.10.22-01.54.49:147][  0]LogDerivedDataCache: Display: Max Cache Size: 512 MB
[2019.10.22-01.54.49:193][  0]LogDerivedDataCache: Loaded boot cache 0.04s 71MB C:/Users/B0bTh3BuiIder/AppData/Local/UnrealEngine/4.22/DerivedDataCache/Boot.ddc.
[2019.10.22-01.54.49:193][  0]LogDerivedDataCache: Display: Loaded Boot cache: C:/Users/B0bTh3BuiIder/AppData/Local/UnrealEngine/4.22/DerivedDataCache/Boot.ddc
[2019.10.22-01.54.49:193][  0]LogDerivedDataCache: FDerivedDataBackendGraph:  Pak pak cache file ../../../../../../Users/B0bTh3BuiIder/Documents/GitHub/ghg/GHG/DerivedDataCache/DDC.ddp not found, will not use a pak cache.
[2019.10.22-01.54.49:193][  0]LogDerivedDataCache: Unable to find inner node Pak for hierarchical cache Hierarchy.
[2019.10.22-01.54.49:193][  0]LogDerivedDataCache: FDerivedDataBackendGraph:  CompressedPak pak cache file ../../../../../../Users/B0bTh3BuiIder/Documents/GitHub/ghg/GHG/DerivedDataCache/Compressed.ddp not found, will not use a pak cache.
[2019.10.22-01.54.49:193][  0]LogDerivedDataCache: Unable to find inner node CompressedPak for hierarchical cache Hierarchy.
[2019.10.22-01.54.49:203][  0]LogDerivedDataCache: Display: Pak cache opened for reading ../../../Engine/DerivedDataCache/Compressed.ddp.
[2019.10.22-01.54.49:203][  0]LogDerivedDataCache: FDerivedDataBackendGraph:  EnterprisePak pak cache file ../../../Enterprise/DerivedDataCache/Compressed.ddp not found, will not use a pak cache.
[2019.10.22-01.54.49:203][  0]LogDerivedDataCache: Unable to find inner node EnterprisePak for hierarchical cache Hierarchy.
[2019.10.22-01.54.49:215][  0]LogDerivedDataCache: Using Local data cache path C:/Users/B0bTh3BuiIder/AppData/Local/UnrealEngine/Common/DerivedDataCache: Writable
[2019.10.22-01.54.49:215][  0]LogDerivedDataCache: Shared data cache path not found in *engine.ini, will not use an Shared cache.
[2019.10.22-01.54.49:215][  0]LogDerivedDataCache: Unable to find inner node Shared for hierarchical cache Hierarchy.
[2019.10.22-01.54.49:232][  0]LogMaterial: Verifying Global Shaders for PCD3D_SM5
[2019.10.22-01.54.49:233][  0]LogSlate: Using FreeType 2.6.0
[2019.10.22-01.54.49:234][  0]LogSlate: SlateFontServices - WITH_FREETYPE: 1, WITH_HARFBUZZ: 1
[2019.10.22-01.54.49:306][  0]LogAssetRegistry: FAssetRegistry took 0.0316 seconds to start up
[2019.10.22-01.54.49:564][  0]LogInit: Selected Device Profile: [Windows]
[2019.10.22-01.54.49:668][  0]LogMeshReduction: Using QuadricMeshReduction for automatic static mesh reduction
[2019.10.22-01.54.49:668][  0]LogMeshReduction: Using SimplygonMeshReduction for automatic skeletal mesh reduction
[2019.10.22-01.54.49:668][  0]LogMeshReduction: Using ProxyLODMeshReduction for automatic mesh merging
[2019.10.22-01.54.49:668][  0]LogMeshReduction: No distributed automatic mesh merging module available
[2019.10.22-01.54.49:668][  0]LogMeshMerging: No distributed automatic mesh merging module available
[2019.10.22-01.54.49:683][  0]LogNetVersion: GHG 1.0.0, NetCL: 5660361, EngineNetVer: 10, GameNetVer: 0 (Checksum: 4264400798)
[2019.10.22-01.54.50:045][  0]LogPackageLocalizationCache: Processed 10 localized package path(s) for 1 prioritized culture(s) in 0.032236 seconds
[2019.10.22-01.54.50:050][  0]LogUObjectArray: 42205 objects as part of root set at end of initial load.
[2019.10.22-01.54.50:050][  0]LogUObjectAllocator: 7325032 out of 0 bytes used by permanent object pool.
[2019.10.22-01.54.50:050][  0]LogUObjectArray: CloseDisregardForGC: 0/0 objects in disregard for GC pool
[2019.10.22-01.54.50:702][  0]LogTcpMessaging: Initializing TcpMessaging bridge
[2019.10.22-01.54.50:714][  0]LogUdpMessaging: Initializing bridge on interface 0.0.0.0:0 to multicast group 230.0.0.1:6666.
[2019.10.22-01.54.50:807][  0]SourceControl: Source control is disabled
[2019.10.22-01.54.50:807][  0]SourceControl: Source control is disabled
[2019.10.22-01.54.50:808][  0]SourceControl: Source control is disabled
[2019.10.22-01.54.50:809][  0]SourceControl: Source control is disabled
[2019.10.22-01.54.50:867][  0]LogAndroidPermission: UAndroidPermissionCallbackProxy::GetInstance
[2019.10.22-01.54.50:955][  0]LogOcInput: OculusInput pre-init called
[2019.10.22-01.54.51:481][  0]LogEngine: Initializing Engine...
[2019.10.22-01.54.51:481][  0]LogHMD: Failed to initialize OpenVR with code 110
[2019.10.22-01.54.51:482][  0]LogStats: UGameplayTagsManager::InitializeManager -  0.000 s
[2019.10.22-01.54.51:649][  0]LogInit: Initializing FReadOnlyCVARCache
[2019.10.22-01.54.51:659][  0]LogAIModule: Creating AISystem for world Untitled
[2019.10.22-01.54.51:727][  0]LogInit: XAudio2 using 'Speakers (2- G533 Gaming Headset)' : 2 channels at 48 kHz using 16 bits per sample (channel mask 0x3)
[2019.10.22-01.54.51:741][  0]LogInit: FAudioDevice initialized.
[2019.10.22-01.54.51:741][  0]LogNetVersion: Set ProjectVersion to 1.0.0.0. Version Checksum will be recalculated on next use.
[2019.10.22-01.54.51:809][  0]LogDerivedDataCache: Saved boot cache 0.07s 71MB C:/Users/B0bTh3BuiIder/AppData/Local/UnrealEngine/4.22/DerivedDataCache/Boot.ddc.
[2019.10.22-01.54.51:814][  0]LogInit: Texture streaming: Enabled
[2019.10.22-01.54.51:827][  0]LogEngineSessionManager: EngineSessionManager initialized
[2019.10.22-01.54.51:845][  0]LogInit: Transaction tracking system initialized
[2019.10.22-01.54.51:863][  0]BlueprintLog: New page: Editor Load
[2019.10.22-01.54.51:936][  0]LocalizationService: Localization service is disabled
[2019.10.22-01.54.52:198][  0]LogFileCache: Scanning file cache for directory 'C:/Users/B0bTh3BuiIder/Documents/GitHub/ghg/GHG/Content/' took 0.02s
[2019.10.22-01.54.52:198][  0]LogCook: Display: Max memory allowance for cook 16384mb min free memory 0mb
[2019.10.22-01.54.52:199][  0]LogCook: Display: Mobile HDR setting 1
[2019.10.22-01.54.52:327][  0]SourceControl: Source control is disabled
[2019.10.22-01.54.52:327][  0]Cmd: MAP LOAD FILE="../../../../../../Users/B0bTh3BuiIder/Documents/GitHub/ghg/GHG/Content/ThirdPersonBP/Maps/ThirdPersonExampleMap.umap" TEMPLATE=0 SHOWPROGRESS=1 FEATURELEVEL=3
[2019.10.22-01.54.52:327][  0]LightingResults: New page: Lighting Build
[2019.10.22-01.54.52:329][  0]MapCheck: New page: Map Check
[2019.10.22-01.54.52:329][  0]LightingResults: New page: Lighting Build
[2019.10.22-01.54.52:355][  0]LogUObjectHash: Compacting FUObjectHashTables data took   1.21ms
[2019.10.22-01.54.52:640][  0]LogAIModule: Creating AISystem for world ThirdPersonExampleMap
[2019.10.22-01.54.52:646][  0]LogEditorServer: Finished looking for orphan Actors (0.000 secs)
[2019.10.22-01.54.52:672][  0]LogUObjectHash: Compacting FUObjectHashTables data took   1.64ms
[2019.10.22-01.54.52:673][  0]Cmd: MAP CHECKDEP NOCLEARLOG
[2019.10.22-01.54.52:673][  0]MapCheck: Map check complete: 0 Error(s), 0 Warning(s), took 0.13ms to complete.
[2019.10.22-01.54.52:673][  0]LogFileHelpers: Loading map 'ThirdPersonExampleMap' took 0.346
[2019.10.22-01.54.52:757][  0]LogSlate: Updating window title bar state: overlay mode, drag disabled, window buttons hidden, title bar hidden
[2019.10.22-01.54.52:764][  0]LogSlate: Updating window title bar state: overlay mode, drag disabled, window buttons hidden, title bar hidden
[2019.10.22-01.54.52:770][  0]LogSlate: Updating window title bar state: overlay mode, drag disabled, window buttons hidden, title bar hidden
[2019.10.22-01.54.52:776][  0]LogSlate: Updating window title bar state: overlay mode, drag disabled, window buttons hidden, title bar hidden
[2019.10.22-01.54.52:781][  0]LogCollectionManager: Loaded 0 collections in 0.001331 seconds
[2019.10.22-01.54.52:807][  0]LogFileCache: Scanning file cache for directory 'C:/Users/B0bTh3BuiIder/Documents/GitHub/ghg/GHG/Saved/Collections/' took 0.01s
[2019.10.22-01.54.52:807][  0]LogFileCache: Scanning file cache for directory 'C:/Users/B0bTh3BuiIder/Documents/GitHub/ghg/GHG/Content/Developers/B0bTh3BuiIder/Collections/' took 0.01s
[2019.10.22-01.54.52:807][  0]LogFileCache: Scanning file cache for directory 'C:/Users/B0bTh3BuiIder/Documents/GitHub/ghg/GHG/Content/Collections/' took 0.00s
[2019.10.22-01.54.52:807][  0]LogCollectionManager: Rebuilt the GUID cache for 0 collections in 0.000000 seconds
[2019.10.22-01.54.52:814][  0]LogContentBrowser: Native class hierarchy populated in 0.0067 seconds. Added 2732 classes and 659 folders.
[2019.10.22-01.54.52:819][  0]LogContentBrowser: Native class hierarchy updated for 'WidgetCarousel' in 0.0002 seconds. Added 0 classes and 0 folders.
[2019.10.22-01.54.52:820][  0]LogPakFile: Registered encryption key '00000000000000000000000000000000': 0 pak files mounted, 0 remain pending
[2019.10.22-01.54.52:820][  0]LogPakFile: Registered encryption key '00000000000000000000000000000000': 0 pak files mounted, 0 remain pending
[2019.10.22-01.54.52:821][  0]LogPakFile: Registered encryption key '00000000000000000000000000000000': 0 pak files mounted, 0 remain pending
[2019.10.22-01.54.52:821][  0]LogPakFile: Registered encryption key '00000000000000000000000000000000': 0 pak files mounted, 0 remain pending
[2019.10.22-01.54.52:821][  0]LogPakFile: Registered encryption key '00000000000000000000000000000000': 0 pak files mounted, 0 remain pending
[2019.10.22-01.54.52:822][  0]LogPakFile: Registered encryption key '00000000000000000000000000000000': 0 pak files mounted, 0 remain pending
[2019.10.22-01.54.52:822][  0]LogPakFile: Registered encryption key '00000000000000000000000000000000': 0 pak files mounted, 0 remain pending
[2019.10.22-01.54.52:822][  0]LogPakFile: Registered encryption key '00000000000000000000000000000000': 0 pak files mounted, 0 remain pending
[2019.10.22-01.54.52:823][  0]LogPakFile: Registered encryption key '00000000000000000000000000000000': 0 pak files mounted, 0 remain pending
[2019.10.22-01.54.52:823][  0]LogPakFile: Registered encryption key '00000000000000000000000000000000': 0 pak files mounted, 0 remain pending
[2019.10.22-01.54.52:823][  0]LogPakFile: Registered encryption key '00000000000000000000000000000000': 0 pak files mounted, 0 remain pending
[2019.10.22-01.54.52:824][  0]LogPakFile: Registered encryption key '00000000000000000000000000000000': 0 pak files mounted, 0 remain pending
[2019.10.22-01.54.52:824][  0]LogPakFile: Registered encryption key '00000000000000000000000000000000': 0 pak files mounted, 0 remain pending
[2019.10.22-01.54.52:824][  0]LogPakFile: Registered encryption key '00000000000000000000000000000000': 0 pak files mounted, 0 remain pending
[2019.10.22-01.54.52:825][  0]LogPakFile: Registered encryption key '00000000000000000000000000000000': 0 pak files mounted, 0 remain pending
[2019.10.22-01.54.52:825][  0]LogPakFile: Registered encryption key '00000000000000000000000000000000': 0 pak files mounted, 0 remain pending
[2019.10.22-01.54.52:825][  0]LogPakFile: Registered encryption key '00000000000000000000000000000000': 0 pak files mounted, 0 remain pending
[2019.10.22-01.54.52:826][  0]LogPakFile: Registered encryption key '00000000000000000000000000000000': 0 pak files mounted, 0 remain pending
[2019.10.22-01.54.52:826][  0]LogPakFile: Registered encryption key '00000000000000000000000000000000': 0 pak files mounted, 0 remain pending
[2019.10.22-01.54.52:826][  0]LogPakFile: Registered encryption key '00000000000000000000000000000000': 0 pak files mounted, 0 remain pending
[2019.10.22-01.54.52:827][  0]LogPakFile: Registered encryption key '00000000000000000000000000000000': 0 pak files mounted, 0 remain pending
[2019.10.22-01.54.52:827][  0]LogPakFile: Registered encryption key '00000000000000000000000000000000': 0 pak files mounted, 0 remain pending
[2019.10.22-01.54.52:827][  0]LogPakFile: Registered encryption key '00000000000000000000000000000000': 0 pak files mounted, 0 remain pending
[2019.10.22-01.54.52:828][  0]LogPakFile: Registered encryption key '00000000000000000000000000000000': 0 pak files mounted, 0 remain pending
[2019.10.22-01.54.52:828][  0]LogPakFile: Registered encryption key '00000000000000000000000000000000': 0 pak files mounted, 0 remain pending
[2019.10.22-01.54.52:828][  0]LogPakFile: Registered encryption key '00000000000000000000000000000000': 0 pak files mounted, 0 remain pending
[2019.10.22-01.54.52:847][  0]LogContentBrowser: Native class hierarchy updated for 'AddContentDialog' in 0.0002 seconds. Added 0 classes and 0 folders.
[2019.10.22-01.54.52:851][  0]LogContentBrowser: Native class hierarchy updated for 'SceneOutliner' in 0.0002 seconds. Added 1 classes and 2 folders.
[2019.10.22-01.54.52:864][  0]LogSlate: Took 0.000120 seconds to synchronously load lazily loaded font '../../../Engine/Content/Slate/Fonts/Roboto-Regular.ttf' (155K)
[2019.10.22-01.54.52:865][  0]LogSlate: Took 0.000101 seconds to synchronously load lazily loaded font '../../../Engine/Content/Slate/Fonts/Roboto-Bold.ttf' (160K)
[2019.10.22-01.54.52:868][  0]LogSlate: Took 0.000128 seconds to synchronously load lazily loaded font '../../../Engine/Content/Editor/Slate/Fonts/FontAwesome.ttf' (139K)
[2019.10.22-01.54.52:916][  0]LogRenderer: Reallocating scene render targets to support 1208x572 Format 10 NumSamples 1 (Frame:1).
[2019.10.22-01.54.53:066][  0]LogContentBrowser: Native class hierarchy updated for 'HierarchicalLODOutliner' in 0.0002 seconds. Added 0 classes and 0 folders.
[2019.10.22-01.54.53:066][  0]LogLoad: (Engine Initialization) Total time: 6.97 seconds
[2019.10.22-01.54.53:066][  0]LogLoad: (Engine Initialization) Total Blueprint compile time: 0.00 seconds
[2019.10.22-01.54.53:096][  0]LogAssetRegistry: Asset discovery search completed in 3.8133 seconds
[2019.10.22-01.54.53:097][  0]LogCollectionManager: Rebuilt the object cache for 0 collections in 0.000000 seconds (found 0 objects)
[2019.10.22-01.54.53:098][  0]LogCollectionManager: Fixed up redirectors for 0 collections in 0.000035 seconds (updated 0 objects)
[2019.10.22-01.54.53:099][  0]LogContentStreaming: Texture pool size now 1000 MB
[2019.10.22-01.54.53:132][  0]LogSlate: Took 0.000113 seconds to synchronously load lazily loaded font '../../../Engine/Content/Slate/Fonts/Roboto-Light.ttf' (167K)
[2019.10.22-01.54.54:991][213]LogSlate: FSceneViewport::OnFocusLost() reason 0
[2019.10.22-01.54.59:474][746]LogSlate: Took 0.000125 seconds to synchronously load lazily loaded font '../../../Engine/Content/Slate/Fonts/Roboto-Light.ttf' (167K)
[2019.10.22-01.54.59:497][746]LogAssetEditorManager: Opening Asset editor for Blueprint /Game/ThirdPersonBP/Blueprints/ThirdPersonCharacter.ThirdPersonCharacter
[2019.10.22-01.54.59:687][746]LogContentBrowser: Native class hierarchy updated for 'BlueprintGraph' in 0.0005 seconds. Added 121 classes and 0 folders.
[2019.10.22-01.55.00:319][746]LogSlate: Took 0.000152 seconds to synchronously load lazily loaded font '../../../Engine/Content/Slate/Fonts/Roboto-BoldCondensed.ttf' (158K)
[2019.10.22-01.55.00:417][747]LogSlate: Took 0.000201 seconds to synchronously load lazily loaded font '../../../Engine/Content/Slate/Fonts/Roboto-Italic.ttf' (157K)
[2019.10.22-01.55.21:722][209]LogSlate: Took 0.000147 seconds to synchronously load lazily loaded font '../../../Engine/Content/Slate/Fonts/Roboto-BoldCondensedItalic.ttf' (160K)
[2019.10.22-02.02.36:569][578]BlueprintLog: New page: Compile ThirdPersonCharacter
[2019.10.22-02.02.36:756][578]LogUObjectHash: Compacting FUObjectHashTables data took   2.98ms
[2019.10.22-02.02.37:295][616]LogSavePackage: Moving '../../../../../../Users/B0bTh3BuiIder/Documents/GitHub/ghg/GHG/Saved/ThirdPersonCharacter40577A7244755E6D8C340F8C2A7301D3.tmp' to '../../../../../../Users/B0bTh3BuiIder/Documents/GitHub/ghg/GHG/Content/ThirdPersonBP/Blueprints/ThirdPersonCharacter.uasset'
[2019.10.22-02.04.50:233][534]LogUObjectHash: Compacting FUObjectHashTables data took   2.31ms
[2019.10.22-02.04.50:400][534]LogSavePackage: Moving '../../../../../../Users/B0bTh3BuiIder/Documents/GitHub/ghg/GHG/Saved/ThirdPersonExampleMapD01FA332495D6E6FFCDD4E8EDBE5F358.tmp' to '../../../../../../Users/B0bTh3BuiIder/Documents/GitHub/ghg/GHG/Content/ThirdPersonBP/Maps/ThirdPersonExampleMap.umap'
[2019.10.22-02.04.50:555][534]LogSavePackage: Moving '../../../../../../Users/B0bTh3BuiIder/Documents/GitHub/ghg/GHG/Saved/ThirdPersonExampleMap_BuiltDataEC374906489F993E3B795F9D48EBCCFB.tmp' to '../../../../../../Users/B0bTh3BuiIder/Documents/GitHub/ghg/GHG/Content/ThirdPersonBP/Maps/ThirdPersonExampleMap_BuiltData.uasset'
[2019.10.22-02.04.51:623][618]LogSavePackage: Moving '../../../../../../Users/B0bTh3BuiIder/Documents/GitHub/ghg/GHG/Saved/ThirdPersonCharacter47D2FC4D473B48AA444B6DBA34DA2472.tmp' to '../../../../../../Users/B0bTh3BuiIder/Documents/GitHub/ghg/GHG/Content/ThirdPersonBP/Blueprints/ThirdPersonCharacter.uasset'
[2019.10.22-02.05.13:614][901]LogConsoleManager: Warning: Console object named 'ActorComponents.Enable' already exists but is being registered again, but we weren't expected it to be! (FConsoleManager::AddConsoleObject)
[2019.10.22-02.07.13:980][273]LogSlate: FSceneViewport::OnFocusLost() reason 0
[2019.10.22-02.10.50:503][ 42]LogSlate: Prevented a slow task dialog from being summoned while a context menu was open
[2019.10.22-02.12.08:668][916]BlueprintLog: New page: Compile ThirdPersonCharacter
[2019.10.22-02.12.08:671][916]LogBlueprint: Error: [Compiler ThirdPersonCharacter] Cannot construct objects of type '/Game/Items/Weapons/Ranged/pistol/Glock19/ItemBase_Weapons_Gun_Pistol_Glock19.ItemBase_Weapons_Gun_Pistol_Glock19_C' in  Construct Object from Class
[2019.10.22-02.12.08:903][916]LogUObjectHash: Compacting FUObjectHashTables data took   2.53ms
[2019.10.22-02.12.08:920][916]LogBlueprint: Warning: [Compiler ThirdPersonCharacter] [1042.82] Compile of ThirdPersonCharacter failed. 1 Fatal Issue(s) 0 Warning(s) [in 251 ms] (/Game/ThirdPersonBP/Blueprints/ThirdPersonCharacter.ThirdPersonCharacter)
[2019.10.22-02.12.18:673][875]LogSlate: Prevented a slow task dialog from being summoned while a context menu was open
[2019.10.22-02.12.42:237][320]BlueprintLog: New page: Compile ThirdPersonCharacter
[2019.10.22-02.12.42:239][320]LogBlueprint: Error: [Compiler ThirdPersonCharacter] Cannot construct objects of type '/Game/Items/Weapons/ItemBase_Weapons.ItemBase_Weapons_C' in  Construct Object from Class
[2019.10.22-02.12.42:429][320]LogUObjectHash: Compacting FUObjectHashTables data took   2.56ms
[2019.10.22-02.12.42:440][320]LogBlueprint: Warning: [Compiler ThirdPersonCharacter] [1076.34] Compile of ThirdPersonCharacter failed. 1 Fatal Issue(s) 0 Warning(s) [in 203 ms] (/Game/ThirdPersonBP/Blueprints/ThirdPersonCharacter.ThirdPersonCharacter)
[2019.10.22-02.12.43:496][415]LogSlate: Prevented a slow task dialog from being summoned while a context menu was open
[2019.10.22-02.12.49:909][ 84]BlueprintLog: New page: Compile ThirdPersonCharacter
[2019.10.22-02.12.49:911][ 84]LogBlueprint: Error: [Compiler ThirdPersonCharacter] Cannot construct objects of type '/Game/Items/ItemBase.ItemBase_C' in  Construct Object from Class
[2019.10.22-02.12.50:097][ 84]LogUObjectHash: Compacting FUObjectHashTables data took   2.56ms
[2019.10.22-02.12.50:107][ 84]LogBlueprint: Warning: [Compiler ThirdPersonCharacter] [1084.01] Compile of ThirdPersonCharacter failed. 1 Fatal Issue(s) 0 Warning(s) [in 198 ms] (/Game/ThirdPersonBP/Blueprints/ThirdPersonCharacter.ThirdPersonCharacter)
[2019.10.22-02.13.38:920][ 51]LogSlate: Prevented a slow task dialog from being summoned while a context menu was open
[2019.10.22-02.14.50:749][955]LogUObjectHash: Compacting FUObjectHashTables data took   2.44ms
[2019.10.22-02.14.50:904][955]LogSavePackage: Moving '../../../../../../Users/B0bTh3BuiIder/Documents/GitHub/ghg/GHG/Saved/ThirdPersonExampleMap_Auto1D828D9404A7FDDD5E5D5C4B6C9CD23D9.tmp' to '../../../../../../Users/B0bTh3BuiIder/Documents/GitHub/ghg/GHG/Saved/Autosaves/Game/ThirdPersonBP/Maps/ThirdPersonExampleMap_Auto1.umap'
[2019.10.22-02.14.50:907][955]LogFileHelpers: Editor autosave (incl. sublevels) for '/Game/ThirdPersonBP/Maps/ThirdPersonExampleMap' took 0.193
[2019.10.22-02.14.50:907][955]LogFileHelpers: Editor autosave (incl. sublevels) for all levels took 0.193
[2019.10.22-02.14.50:908][955]OBJ SavePackage: Generating thumbnails for [1] asset(s) in package [/Game/ThirdPersonBP/Blueprints/ThirdPersonCharacter] ([1] browsable assets)...
[2019.10.22-02.14.50:917][955]OBJ SavePackage:     Rendered thumbnail for [Blueprint /Game/ThirdPersonBP/Blueprints/ThirdPersonCharacter.ThirdPersonCharacter]
[2019.10.22-02.14.50:917][955]OBJ SavePackage: Finished generating thumbnails for package [/Game/ThirdPersonBP/Blueprints/ThirdPersonCharacter]
[2019.10.22-02.14.50:975][955]LogSavePackage: Moving '../../../../../../Users/B0bTh3BuiIder/Documents/GitHub/ghg/GHG/Saved/ThirdPersonCharacter_Auto1654FC7DF46894238ED4D0F8769D43477.tmp' to '../../../../../../Users/B0bTh3BuiIder/Documents/GitHub/ghg/GHG/Saved/Autosaves/Game/ThirdPersonBP/Blueprints/ThirdPersonCharacter_Auto1.uasset'
[2019.10.22-02.14.50:976][955]LogFileHelpers: Auto-saving content packages took 0.068
[2019.10.22-02.15.33:725][427]BlueprintLog: New page: Compile ThirdPersonCharacter
[2019.10.22-02.15.33:728][427]LogBlueprint: Error: [Compiler ThirdPersonCharacter] Cannot construct objects of type '/Game/Items/ItemBase.ItemBase_C' in  Construct Object from Class
[2019.10.22-02.15.33:924][427]LogUObjectHash: Compacting FUObjectHashTables data took   2.30ms
[2019.10.22-02.15.33:936][427]LogBlueprint: Warning: [Compiler ThirdPersonCharacter] [1247.84] Compile of ThirdPersonCharacter failed. 1 Fatal Issue(s) 0 Warning(s) [in 210 ms] (/Game/ThirdPersonBP/Blueprints/ThirdPersonCharacter.ThirdPersonCharacter)
[2019.10.22-02.15.35:083][537]LogSavePackage: Moving '../../../../../../Users/B0bTh3BuiIder/Documents/GitHub/ghg/GHG/Saved/ThirdPersonCharacter7D71B72C46C82372D8E3A5AC95F360E1.tmp' to '../../../../../../Users/B0bTh3BuiIder/Documents/GitHub/ghg/GHG/Content/ThirdPersonBP/Blueprints/ThirdPersonCharacter.uasset'
[2019.10.22-02.15.36:441][669]LogSlate: Prevented a slow task dialog from being summoned while a context menu was open
[2019.10.22-02.15.43:069][373]BlueprintLog: New page: Compile ThirdPersonCharacter
[2019.10.22-02.15.43:071][373]LogBlueprint: Error: [Compiler ThirdPersonCharacter] Cannot construct objects of type '/Game/Items/Weapons/Ranged/pistol/Glock19/ItemBase_Weapons_Gun_Pistol_Glock19.ItemBase_Weapons_Gun_Pistol_Glock19_C' in  Construct Object from Class
[2019.10.22-02.15.43:272][373]LogUObjectHash: Compacting FUObjectHashTables data took   2.53ms
[2019.10.22-02.15.43:283][373]LogBlueprint: Warning: [Compiler ThirdPersonCharacter] [1257.19] Compile of ThirdPersonCharacter failed. 1 Fatal Issue(s) 0 Warning(s) [in 214 ms] (/Game/ThirdPersonBP/Blueprints/ThirdPersonCharacter.ThirdPersonCharacter)
[2019.10.22-02.19.31:833][134]LogAssetEditorManager: Opening Asset editor for Blueprint /Game/Items/ItemBase.ItemBase
[2019.10.22-02.21.04:203][299]LogSavePackage: Moving '../../../../../../Users/B0bTh3BuiIder/Documents/GitHub/ghg/GHG/Saved/ThirdPersonCharacterC84507C04019E672513324A08FAE20FC.tmp' to '../../../../../../Users/B0bTh3BuiIder/Documents/GitHub/ghg/GHG/Content/ThirdPersonBP/Blueprints/ThirdPersonCharacter.uasset'
[2019.10.22-02.21.05:195][409]BlueprintLog: New page: Compile ThirdPersonCharacter
[2019.10.22-02.21.05:397][409]LogUObjectHash: Compacting FUObjectHashTables data took   2.44ms
[2019.10.22-02.21.05:816][440]LogSavePackage: Moving '../../../../../../Users/B0bTh3BuiIder/Documents/GitHub/ghg/GHG/Saved/ThirdPersonCharacter10ACB8014891A55A4D57B0824175D56D.tmp' to '../../../../../../Users/B0bTh3BuiIder/Documents/GitHub/ghg/GHG/Content/ThirdPersonBP/Blueprints/ThirdPersonCharacter.uasset'
[2019.10.22-02.21.33:100][887]LogSlate: Prevented a slow task dialog from being summoned while a context menu was open
[2019.10.22-02.21.59:517][435]BlueprintLog: New page: Compile ThirdPersonCharacter
[2019.10.22-02.21.59:524][435]LogBlueprint: Error: [Compiler ThirdPersonCharacter] The current value of the ' Spawn Transform ' pin is invalid: 'Spawn Transform' in action 'Begin Deferred Actor Spawn from Class' must have an input wired into it ("by ref" params expect a valid input to operate on).
[2019.10.22-02.21.59:524][435]LogBlueprint: Error: [Compiler ThirdPersonCharacter] The current value of the ' Spawn Transform ' pin is invalid: 'Spawn Transform' in action 'Finish Spawning Actor' must have an input wired into it ("by ref" params expect a valid input to operate on).
[2019.10.22-02.21.59:745][435]LogUObjectHash: Compacting FUObjectHashTables data took   2.51ms
[2019.10.22-02.21.59:762][435]LogBlueprint: Warning: [Compiler ThirdPersonCharacter] [1633.66] Compile of ThirdPersonCharacter failed. 2 Fatal Issue(s) 0 Warning(s) [in 244 ms] (/Game/ThirdPersonBP/Blueprints/ThirdPersonCharacter.ThirdPersonCharacter)
[2019.10.22-02.22.53:676][531]BlueprintLog: New page: Compile ThirdPersonCharacter
[2019.10.22-02.22.53:879][531]LogUObjectHash: Compacting FUObjectHashTables data took   2.78ms
[2019.10.22-02.22.55:860][700]LogSavePackage: Moving '../../../../../../Users/B0bTh3BuiIder/Documents/GitHub/ghg/GHG/Saved/ThirdPersonCharacter2AA6BF8444611A058E7C4DBEE5D0B068.tmp' to '../../../../../../Users/B0bTh3BuiIder/Documents/GitHub/ghg/GHG/Content/ThirdPersonBP/Blueprints/ThirdPersonCharacter.uasset'
[2019.10.22-02.22.58:642][977]LogTemp: Repeating last play command: Selected Viewport
[2019.10.22-02.22.58:665][977]LogBlueprintUserMessages: Early PlayInEditor Detection: Level '/Game/ThirdPersonBP/Maps/ThirdPersonExampleMap.ThirdPersonExampleMap:PersistentLevel' has LevelScriptBlueprint '/Game/ThirdPersonBP/Maps/ThirdPersonExampleMap.ThirdPersonExampleMap:PersistentLevel.ThirdPersonExampleMap' with GeneratedClass '/Game/ThirdPersonBP/Maps/ThirdPersonExampleMap.ThirdPersonExampleMap_C' with ClassGeneratedBy '/Game/ThirdPersonBP/Maps/ThirdPersonExampleMap.ThirdPersonExampleMap:PersistentLevel.ThirdPersonExampleMap'
[2019.10.22-02.22.58:665][977]LogPlayLevel: PlayLevel: No blueprints needed recompiling
[2019.10.22-02.22.58:665][977]PIE: New page: PIE session: ThirdPersonExampleMap (Oct 21, 2019, 4:22:58 PM)
[2019.10.22-02.22.58:677][977]LogPlayLevel: Creating play world package: /Game/ThirdPersonBP/Maps/UEDPIE_0_ThirdPersonExampleMap
[2019.10.22-02.22.58:686][977]LogPlayLevel: PIE: StaticDuplicateObject took: (0.009877s)
[2019.10.22-02.22.58:686][977]LogAIModule: Creating AISystem for world ThirdPersonExampleMap
[2019.10.22-02.22.58:687][977]LogPlayLevel: PIE: World Init took: (0.000644s)
[2019.10.22-02.22.58:687][977]LogPlayLevel: PIE: Created PIE world by copying editor world from /Game/ThirdPersonBP/Maps/ThirdPersonExampleMap.ThirdPersonExampleMap to /Game/ThirdPersonBP/Maps/UEDPIE_0_ThirdPersonExampleMap.ThirdPersonExampleMap (0.010797s)
[2019.10.22-02.22.58:748][977]LogUObjectHash: Compacting FUObjectHashTables data took   2.35ms
[2019.10.22-02.22.58:764][977]LogInit: XAudio2 using 'Speakers (2- G533 Gaming Headset)' : 2 channels at 48 kHz using 16 bits per sample (channel mask 0x3)
[2019.10.22-02.22.58:777][977]LogInit: FAudioDevice initialized.
[2019.10.22-02.22.58:817][977]LogLoad: Game class is 'ThirdPersonGameMode_C'
[2019.10.22-02.22.58:819][977]LogWorld: Bringing World /Game/ThirdPersonBP/Maps/UEDPIE_0_ThirdPersonExampleMap.ThirdPersonExampleMap up for play (max tick rate 0) at 2019.10.21-21.22.58
[2019.10.22-02.22.58:819][977]LogWorld: Bringing up level for play took: 0.001230
[2019.10.22-02.22.58:835][977]LogBlueprintActionDatabase: Requesting refresh due to module change: Voice (loaded)
[2019.10.22-02.22.58:839][977]LogBlueprintActionDatabase: Requesting refresh due to module change: MovieSceneCapture (loaded)
[2019.10.22-02.22.58:839][977]LogContentBrowser: Native class hierarchy updated for 'MovieSceneCapture' in 0.0003 seconds. Added 20 classes and 0 folders.
[2019.10.22-02.22.58:840][977]PIE: Play in editor start time for /Game/ThirdPersonBP/Maps/UEDPIE_0_ThirdPersonExampleMap 0.079
[2019.10.22-02.22.58:840][977]LogBlueprintUserMessages: Late PlayInEditor Detection: Level '/Game/ThirdPersonBP/Maps/ThirdPersonExampleMap.ThirdPersonExampleMap:PersistentLevel' has LevelScriptBlueprint '/Game/ThirdPersonBP/Maps/ThirdPersonExampleMap.ThirdPersonExampleMap:PersistentLevel.ThirdPersonExampleMap' with GeneratedClass '/Game/ThirdPersonBP/Maps/ThirdPersonExampleMap.ThirdPersonExampleMap_C' with ClassGeneratedBy '/Game/ThirdPersonBP/Maps/ThirdPersonExampleMap.ThirdPersonExampleMap:PersistentLevel.ThirdPersonExampleMap'
[2019.10.22-02.23.17:987][244]LogBlueprintUserMessages: Early EndPlayMap Detection: Level '/Game/ThirdPersonBP/Maps/ThirdPersonExampleMap.ThirdPersonExampleMap:PersistentLevel' has LevelScriptBlueprint '/Game/ThirdPersonBP/Maps/ThirdPersonExampleMap.ThirdPersonExampleMap:PersistentLevel.ThirdPersonExampleMap' with GeneratedClass '/Game/ThirdPersonBP/Maps/ThirdPersonExampleMap.ThirdPersonExampleMap_C' with ClassGeneratedBy '/Game/ThirdPersonBP/Maps/ThirdPersonExampleMap.ThirdPersonExampleMap:PersistentLevel.ThirdPersonExampleMap'
[2019.10.22-02.23.17:987][244]LogSlate: Updating window title bar state: overlay mode, drag disabled, window buttons hidden, title bar hidden
[2019.10.22-02.23.18:015][244]LogPlayLevel: Display: Shutting down PIE online subsystems
[2019.10.22-02.23.18:015][244]LogBlueprintUserMessages: Late EndPlayMap Detection: Level '/Game/ThirdPersonBP/Maps/ThirdPersonExampleMap.ThirdPersonExampleMap:PersistentLevel' has LevelScriptBlueprint '/Game/ThirdPersonBP/Maps/ThirdPersonExampleMap.ThirdPersonExampleMap:PersistentLevel.ThirdPersonExampleMap' with GeneratedClass '/Game/ThirdPersonBP/Maps/ThirdPersonExampleMap.ThirdPersonExampleMap_C' with ClassGeneratedBy '/Game/ThirdPersonBP/Maps/ThirdPersonExampleMap.ThirdPersonExampleMap:PersistentLevel.ThirdPersonExampleMap'
[2019.10.22-02.23.18:056][244]LogSlate: Updating window title bar state: overlay mode, drag disabled, window buttons hidden, title bar hidden
[2019.10.22-02.23.18:075][244]LogUObjectHash: Compacting FUObjectHashTables data took   4.31ms
[2019.10.22-02.23.18:092][245]LogPlayLevel: Display: Destroying online subsystem :Context_8
[2019.10.22-02.23.20:285][504]LogSlate: FSceneViewport::OnFocusLost() reason 0
[2019.10.22-02.23.20:351][512]LogTemp: Repeating last play command: Selected Viewport
[2019.10.22-02.23.20:365][512]LogBlueprintUserMessages: Early PlayInEditor Detection: Level '/Game/ThirdPersonBP/Maps/ThirdPersonExampleMap.ThirdPersonExampleMap:PersistentLevel' has LevelScriptBlueprint '/Game/ThirdPersonBP/Maps/ThirdPersonExampleMap.ThirdPersonExampleMap:PersistentLevel.ThirdPersonExampleMap' with GeneratedClass '/Game/ThirdPersonBP/Maps/ThirdPersonExampleMap.ThirdPersonExampleMap_C' with ClassGeneratedBy '/Game/ThirdPersonBP/Maps/ThirdPersonExampleMap.ThirdPersonExampleMap:PersistentLevel.ThirdPersonExampleMap'
[2019.10.22-02.23.20:365][512]LogPlayLevel: PlayLevel: No blueprints needed recompiling
[2019.10.22-02.23.20:365][512]PIE: New page: PIE session: ThirdPersonExampleMap (Oct 21, 2019, 4:23:20 PM)
[2019.10.22-02.23.20:366][512]LogPlayLevel: Creating play world package: /Game/ThirdPersonBP/Maps/UEDPIE_0_ThirdPersonExampleMap
[2019.10.22-02.23.20:376][512]LogPlayLevel: PIE: StaticDuplicateObject took: (0.010271s)
[2019.10.22-02.23.20:377][512]LogAIModule: Creating AISystem for world ThirdPersonExampleMap
[2019.10.22-02.23.20:377][512]LogPlayLevel: PIE: World Init took: (0.000609s)
[2019.10.22-02.23.20:377][512]LogPlayLevel: PIE: Created PIE world by copying editor world from /Game/ThirdPersonBP/Maps/ThirdPersonExampleMap.ThirdPersonExampleMap to /Game/ThirdPersonBP/Maps/UEDPIE_0_ThirdPersonExampleMap.ThirdPersonExampleMap (0.011280s)
[2019.10.22-02.23.20:420][512]LogUObjectHash: Compacting FUObjectHashTables data took   2.97ms
[2019.10.22-02.23.20:437][512]LogInit: XAudio2 using 'Speakers (2- G533 Gaming Headset)' : 2 channels at 48 kHz using 16 bits per sample (channel mask 0x3)
[2019.10.22-02.23.20:447][512]LogInit: FAudioDevice initialized.
[2019.10.22-02.23.20:477][512]LogLoad: Game class is 'ThirdPersonGameMode_C'
[2019.10.22-02.23.20:479][512]LogWorld: Bringing World /Game/ThirdPersonBP/Maps/UEDPIE_0_ThirdPersonExampleMap.ThirdPersonExampleMap up for play (max tick rate 0) at 2019.10.21-21.23.20
[2019.10.22-02.23.20:479][512]LogWorld: Bringing up level for play took: 0.001275
[2019.10.22-02.23.20:491][512]PIE: Play in editor start time for /Game/ThirdPersonBP/Maps/UEDPIE_0_ThirdPersonExampleMap -0.27
[2019.10.22-02.23.20:492][512]LogBlueprintUserMessages: Late PlayInEditor Detection: Level '/Game/ThirdPersonBP/Maps/ThirdPersonExampleMap.ThirdPersonExampleMap:PersistentLevel' has LevelScriptBlueprint '/Game/ThirdPersonBP/Maps/ThirdPersonExampleMap.ThirdPersonExampleMap:PersistentLevel.ThirdPersonExampleMap' with GeneratedClass '/Game/ThirdPersonBP/Maps/ThirdPersonExampleMap.ThirdPersonExampleMap_C' with ClassGeneratedBy '/Game/ThirdPersonBP/Maps/ThirdPersonExampleMap.ThirdPersonExampleMap:PersistentLevel.ThirdPersonExampleMap'
[2019.10.22-02.23.50:417][ 73]LogBlueprintUserMessages: Early EndPlayMap Detection: Level '/Game/ThirdPersonBP/Maps/ThirdPersonExampleMap.ThirdPersonExampleMap:PersistentLevel' has LevelScriptBlueprint '/Game/ThirdPersonBP/Maps/ThirdPersonExampleMap.ThirdPersonExampleMap:PersistentLevel.ThirdPersonExampleMap' with GeneratedClass '/Game/ThirdPersonBP/Maps/ThirdPersonExampleMap.ThirdPersonExampleMap_C' with ClassGeneratedBy '/Game/ThirdPersonBP/Maps/ThirdPersonExampleMap.ThirdPersonExampleMap:PersistentLevel.ThirdPersonExampleMap'
[2019.10.22-02.23.50:417][ 73]LogSlate: Updating window title bar state: overlay mode, drag disabled, window buttons hidden, title bar hidden
[2019.10.22-02.23.50:455][ 73]LogPlayLevel: Display: Shutting down PIE online subsystems
[2019.10.22-02.23.50:455][ 73]LogBlueprintUserMessages: Late EndPlayMap Detection: Level '/Game/ThirdPersonBP/Maps/ThirdPersonExampleMap.ThirdPersonExampleMap:PersistentLevel' has LevelScriptBlueprint '/Game/ThirdPersonBP/Maps/ThirdPersonExampleMap.ThirdPersonExampleMap:PersistentLevel.ThirdPersonExampleMap' with GeneratedClass '/Game/ThirdPersonBP/Maps/ThirdPersonExampleMap.ThirdPersonExampleMap_C' with ClassGeneratedBy '/Game/ThirdPersonBP/Maps/ThirdPersonExampleMap.ThirdPersonExampleMap:PersistentLevel.ThirdPersonExampleMap'
[2019.10.22-02.23.50:490][ 73]LogSlate: Updating window title bar state: overlay mode, drag disabled, window buttons hidden, title bar hidden
[2019.10.22-02.23.50:494][ 73]LogUObjectHash: Compacting FUObjectHashTables data took   1.67ms
[2019.10.22-02.23.50:518][ 75]LogPlayLevel: Display: Destroying online subsystem :Context_9
[2019.10.22-02.23.59:568][142]BlueprintLog: New page: Compile ItemBase
[2019.10.22-02.23.59:746][142]LogUObjectHash: Compacting FUObjectHashTables data took   3.02ms
[2019.10.22-02.24.00:159][184]Cmd: OBJ SAVEPACKAGE PACKAGE="/Game/Items/ItemBase" FILE="../../../../../../Users/B0bTh3BuiIder/Documents/GitHub/ghg/GHG/Content/Items/ItemBase.uasset" SILENT=true
[2019.10.22-02.24.00:179][184]LogSavePackage: Moving '../../../../../../Users/B0bTh3BuiIder/Documents/GitHub/ghg/GHG/Saved/ItemBaseBB31B9AD4A1AE0AB7DC16B9A780BD7AB.tmp' to '../../../../../../Users/B0bTh3BuiIder/Documents/GitHub/ghg/GHG/Content/Items/ItemBase.uasset'
[2019.10.22-02.24.53:705][261]BlueprintLog: New page: Compile ThirdPersonCharacter
[2019.10.22-02.24.53:882][261]LogUObjectHash: Compacting FUObjectHashTables data took   3.80ms
[2019.10.22-02.24.54:480][303]LogSavePackage: Moving '../../../../../../Users/B0bTh3BuiIder/Documents/GitHub/ghg/GHG/Saved/ThirdPersonCharacter42CEA90148A0109991159EB65E11DF65.tmp' to '../../../../../../Users/B0bTh3BuiIder/Documents/GitHub/ghg/GHG/Content/ThirdPersonBP/Blueprints/ThirdPersonCharacter.uasset'
[2019.10.22-02.24.56:446][508]LogTemp: Repeating last play command: Selected Viewport
[2019.10.22-02.24.56:471][508]LogBlueprintUserMessages: Early PlayInEditor Detection: Level '/Game/ThirdPersonBP/Maps/ThirdPersonExampleMap.ThirdPersonExampleMap:PersistentLevel' has LevelScriptBlueprint '/Game/ThirdPersonBP/Maps/ThirdPersonExampleMap.ThirdPersonExampleMap:PersistentLevel.ThirdPersonExampleMap' with GeneratedClass '/Game/ThirdPersonBP/Maps/ThirdPersonExampleMap.ThirdPersonExampleMap_C' with ClassGeneratedBy '/Game/ThirdPersonBP/Maps/ThirdPersonExampleMap.ThirdPersonExampleMap:PersistentLevel.ThirdPersonExampleMap'
[2019.10.22-02.24.56:471][508]LogPlayLevel: PlayLevel: No blueprints needed recompiling
[2019.10.22-02.24.56:471][508]PIE: New page: PIE session: ThirdPersonExampleMap (Oct 21, 2019, 4:24:56 PM)
[2019.10.22-02.24.56:472][508]LogPlayLevel: Creating play world package: /Game/ThirdPersonBP/Maps/UEDPIE_0_ThirdPersonExampleMap
[2019.10.22-02.24.56:481][508]LogPlayLevel: PIE: StaticDuplicateObject took: (0.009723s)
[2019.10.22-02.24.56:482][508]LogAIModule: Creating AISystem for world ThirdPersonExampleMap
[2019.10.22-02.24.56:482][508]LogPlayLevel: PIE: World Init took: (0.000577s)
[2019.10.22-02.24.56:482][508]LogPlayLevel: PIE: Created PIE world by copying editor world from /Game/ThirdPersonBP/Maps/ThirdPersonExampleMap.ThirdPersonExampleMap to /Game/ThirdPersonBP/Maps/UEDPIE_0_ThirdPersonExampleMap.ThirdPersonExampleMap (0.010422s)
[2019.10.22-02.24.56:540][508]LogUObjectHash: Compacting FUObjectHashTables data took   2.94ms
[2019.10.22-02.24.56:554][508]LogInit: XAudio2 using 'Speakers (2- G533 Gaming Headset)' : 2 channels at 48 kHz using 16 bits per sample (channel mask 0x3)
[2019.10.22-02.24.56:566][508]LogInit: FAudioDevice initialized.
[2019.10.22-02.24.56:597][508]LogLoad: Game class is 'ThirdPersonGameMode_C'
[2019.10.22-02.24.56:598][508]LogWorld: Bringing World /Game/ThirdPersonBP/Maps/UEDPIE_0_ThirdPersonExampleMap.ThirdPersonExampleMap up for play (max tick rate 0) at 2019.10.21-21.24.56
[2019.10.22-02.24.56:599][508]LogWorld: Bringing up level for play took: 0.001210
[2019.10.22-02.24.56:612][508]PIE: Play in editor start time for /Game/ThirdPersonBP/Maps/UEDPIE_0_ThirdPersonExampleMap -0.149
[2019.10.22-02.24.56:612][508]LogBlueprintUserMessages: Late PlayInEditor Detection: Level '/Game/ThirdPersonBP/Maps/ThirdPersonExampleMap.ThirdPersonExampleMap:PersistentLevel' has LevelScriptBlueprint '/Game/ThirdPersonBP/Maps/ThirdPersonExampleMap.ThirdPersonExampleMap:PersistentLevel.ThirdPersonExampleMap' with GeneratedClass '/Game/ThirdPersonBP/Maps/ThirdPersonExampleMap.ThirdPersonExampleMap_C' with ClassGeneratedBy '/Game/ThirdPersonBP/Maps/ThirdPersonExampleMap.ThirdPersonExampleMap:PersistentLevel.ThirdPersonExampleMap'
[2019.10.22-02.25.50:442][908]LogUObjectHash: Compacting FUObjectHashTables data took   2.69ms
[2019.10.22-02.25.57:330][715]LogSlate: FSceneViewport::OnFocusLost() reason 0
[2019.10.22-02.25.57:381][721]LogBlueprintUserMessages: Early EndPlayMap Detection: Level '/Game/ThirdPersonBP/Maps/ThirdPersonExampleMap.ThirdPersonExampleMap:PersistentLevel' has LevelScriptBlueprint '/Game/ThirdPersonBP/Maps/ThirdPersonExampleMap.ThirdPersonExampleMap:PersistentLevel.ThirdPersonExampleMap' with GeneratedClass '/Game/ThirdPersonBP/Maps/ThirdPersonExampleMap.ThirdPersonExampleMap_C' with ClassGeneratedBy '/Game/ThirdPersonBP/Maps/ThirdPersonExampleMap.ThirdPersonExampleMap:PersistentLevel.ThirdPersonExampleMap'
[2019.10.22-02.25.57:382][721]LogSlate: Updating window title bar state: overlay mode, drag disabled, window buttons hidden, title bar hidden
[2019.10.22-02.25.57:414][721]LogPlayLevel: Display: Shutting down PIE online subsystems
[2019.10.22-02.25.57:414][721]LogBlueprintUserMessages: Late EndPlayMap Detection: Level '/Game/ThirdPersonBP/Maps/ThirdPersonExampleMap.ThirdPersonExampleMap:PersistentLevel' has LevelScriptBlueprint '/Game/ThirdPersonBP/Maps/ThirdPersonExampleMap.ThirdPersonExampleMap:PersistentLevel.ThirdPersonExampleMap' with GeneratedClass '/Game/ThirdPersonBP/Maps/ThirdPersonExampleMap.ThirdPersonExampleMap_C' with ClassGeneratedBy '/Game/ThirdPersonBP/Maps/ThirdPersonExampleMap.ThirdPersonExampleMap:PersistentLevel.ThirdPersonExampleMap'
[2019.10.22-02.25.57:455][721]LogSlate: Updating window title bar state: overlay mode, drag disabled, window buttons hidden, title bar hidden
[2019.10.22-02.25.57:459][721]LogUObjectHash: Compacting FUObjectHashTables data took   2.75ms
[2019.10.22-02.25.57:488][724]LogPlayLevel: Display: Destroying online subsystem :Context_10
[2019.10.22-02.26.12:642][383]LogAssetEditorManager: Opening Asset editor for Blueprint /Game/Items/Weapons/Ranged/pistol/Glock19/ItemBase_Weapons_Gun_Pistol_Glock19.ItemBase_Weapons_Gun_Pistol_Glock19
[2019.10.22-02.26.14:618][581]LogAssetEditorManager: Opening Asset editor for Blueprint /Game/Items/Weapons/Ranged/pistol/Glock19/ItemBase_Weapons_Gun_Pistol_Glock19.ItemBase_Weapons_Gun_Pistol_Glock19
[2019.10.22-02.26.27:055][ 20]LogRenderer: Reallocating scene render targets to support 1208x708 Format 10 NumSamples 1 (Frame:1).
[2019.10.22-02.26.32:018][609]LogSavePackage: Moving '../../../../../../Users/B0bTh3BuiIder/Documents/GitHub/ghg/GHG/Saved/ItemBase_Weapons_Gun_Pistol_GlocFC668E8B40A50199796844BC4AD23066.tmp' to '../../../../../../Users/B0bTh3BuiIder/Documents/GitHub/ghg/GHG/Content/Items/Weapons/Ranged/pistol/Glock19/ItemBase_Weapons_Gun_Pistol_Glock19.uasset'
[2019.10.22-02.26.35:394][983]LogTemp: Repeating last play command: Selected Viewport
[2019.10.22-02.26.35:411][983]LogBlueprintUserMessages: Early PlayInEditor Detection: Level '/Game/ThirdPersonBP/Maps/ThirdPersonExampleMap.ThirdPersonExampleMap:PersistentLevel' has LevelScriptBlueprint '/Game/ThirdPersonBP/Maps/ThirdPersonExampleMap.ThirdPersonExampleMap:PersistentLevel.ThirdPersonExampleMap' with GeneratedClass '/Game/ThirdPersonBP/Maps/ThirdPersonExampleMap.ThirdPersonExampleMap_C' with ClassGeneratedBy '/Game/ThirdPersonBP/Maps/ThirdPersonExampleMap.ThirdPersonExampleMap:PersistentLevel.ThirdPersonExampleMap'
[2019.10.22-02.26.35:411][983]LogPlayLevel: PlayLevel: No blueprints needed recompiling
[2019.10.22-02.26.35:411][983]PIE: New page: PIE session: ThirdPersonExampleMap (Oct 21, 2019, 4:26:35 PM)
[2019.10.22-02.26.35:411][983]LogPlayLevel: Creating play world package: /Game/ThirdPersonBP/Maps/UEDPIE_0_ThirdPersonExampleMap
[2019.10.22-02.26.35:421][983]LogPlayLevel: PIE: StaticDuplicateObject took: (0.010095s)
[2019.10.22-02.26.35:421][983]LogAIModule: Creating AISystem for world ThirdPersonExampleMap
[2019.10.22-02.26.35:422][983]LogPlayLevel: PIE: World Init took: (0.000514s)
[2019.10.22-02.26.35:422][983]LogPlayLevel: PIE: Created PIE world by copying editor world from /Game/ThirdPersonBP/Maps/ThirdPersonExampleMap.ThirdPersonExampleMap to /Game/ThirdPersonBP/Maps/UEDPIE_0_ThirdPersonExampleMap.ThirdPersonExampleMap (0.010730s)
[2019.10.22-02.26.35:473][983]LogUObjectHash: Compacting FUObjectHashTables data took   2.07ms
[2019.10.22-02.26.35:487][983]LogInit: XAudio2 using 'Speakers (2- G533 Gaming Headset)' : 2 channels at 48 kHz using 16 bits per sample (channel mask 0x3)
[2019.10.22-02.26.35:497][983]LogInit: FAudioDevice initialized.
[2019.10.22-02.26.35:524][983]LogLoad: Game class is 'ThirdPersonGameMode_C'
[2019.10.22-02.26.35:525][983]LogWorld: Bringing World /Game/ThirdPersonBP/Maps/UEDPIE_0_ThirdPersonExampleMap.ThirdPersonExampleMap up for play (max tick rate 0) at 2019.10.21-21.26.35
[2019.10.22-02.26.35:526][983]LogWorld: Bringing up level for play took: 0.001185
[2019.10.22-02.26.35:537][983]PIE: Play in editor start time for /Game/ThirdPersonBP/Maps/UEDPIE_0_ThirdPersonExampleMap 0.776
[2019.10.22-02.26.35:538][983]LogBlueprintUserMessages: Late PlayInEditor Detection: Level '/Game/ThirdPersonBP/Maps/ThirdPersonExampleMap.ThirdPersonExampleMap:PersistentLevel' has LevelScriptBlueprint '/Game/ThirdPersonBP/Maps/ThirdPersonExampleMap.ThirdPersonExampleMap:PersistentLevel.ThirdPersonExampleMap' with GeneratedClass '/Game/ThirdPersonBP/Maps/ThirdPersonExampleMap.ThirdPersonExampleMap_C' with ClassGeneratedBy '/Game/ThirdPersonBP/Maps/ThirdPersonExampleMap.ThirdPersonExampleMap:PersistentLevel.ThirdPersonExampleMap'
[2019.10.22-02.26.48:202][500]LogBlueprintUserMessages: Early EndPlayMap Detection: Level '/Game/ThirdPersonBP/Maps/ThirdPersonExampleMap.ThirdPersonExampleMap:PersistentLevel' has LevelScriptBlueprint '/Game/ThirdPersonBP/Maps/ThirdPersonExampleMap.ThirdPersonExampleMap:PersistentLevel.ThirdPersonExampleMap' with GeneratedClass '/Game/ThirdPersonBP/Maps/ThirdPersonExampleMap.ThirdPersonExampleMap_C' with ClassGeneratedBy '/Game/ThirdPersonBP/Maps/ThirdPersonExampleMap.ThirdPersonExampleMap:PersistentLevel.ThirdPersonExampleMap'
[2019.10.22-02.26.48:202][500]LogSlate: Updating window title bar state: overlay mode, drag disabled, window buttons hidden, title bar hidden
[2019.10.22-02.26.48:237][500]LogPlayLevel: Display: Shutting down PIE online subsystems
[2019.10.22-02.26.48:237][500]LogBlueprintUserMessages: Late EndPlayMap Detection: Level '/Game/ThirdPersonBP/Maps/ThirdPersonExampleMap.ThirdPersonExampleMap:PersistentLevel' has LevelScriptBlueprint '/Game/ThirdPersonBP/Maps/ThirdPersonExampleMap.ThirdPersonExampleMap:PersistentLevel.ThirdPersonExampleMap' with GeneratedClass '/Game/ThirdPersonBP/Maps/ThirdPersonExampleMap.ThirdPersonExampleMap_C' with ClassGeneratedBy '/Game/ThirdPersonBP/Maps/ThirdPersonExampleMap.ThirdPersonExampleMap:PersistentLevel.ThirdPersonExampleMap'
[2019.10.22-02.26.48:282][500]LogSlate: Updating window title bar state: overlay mode, drag disabled, window buttons hidden, title bar hidden
[2019.10.22-02.26.48:286][500]LogUObjectHash: Compacting FUObjectHashTables data took   2.42ms
[2019.10.22-02.26.48:305][502]LogPlayLevel: Display: Destroying online subsystem :Context_13
[2019.10.22-02.27.18:619][526]BlueprintLog: New page: Compile ThirdPersonCharacter
[2019.10.22-02.27.18:797][526]LogUObjectHash: Compacting FUObjectHashTables data took   3.22ms
[2019.10.22-02.27.19:277][560]LogSavePackage: Moving '../../../../../../Users/B0bTh3BuiIder/Documents/GitHub/ghg/GHG/Saved/ThirdPersonCharacterEC5438C3477BC16BA7462BB133C59E10.tmp' to '../../../../../../Users/B0bTh3BuiIder/Documents/GitHub/ghg/GHG/Content/ThirdPersonBP/Blueprints/ThirdPersonCharacter.uasset'
